#
# There is insufficient memory for the Java Runtime Environment to continue.
# Native memory allocation (malloc) failed to allocate 1343536 bytes. Error detail: Chunk::new
# Possible reasons:
#   The system is out of physical RAM or swap space
#   This process is running with CompressedOops enabled, and the Java Heap may be blocking the growth of the native heap
# Possible solutions:
#   Reduce memory load on the system
#   Increase physical memory or swap space
#   Check if swap backing store is full
#   Decrease Java heap size (-Xmx/-Xms)
#   Decrease number of Java threads
#   Decrease Java thread stack sizes (-Xss)
#   Set larger code cache with -XX:ReservedCodeCacheSize=
#   JVM is running with Unscaled Compressed Oops mode in which the Java heap is
#     placed in the first 4GB address space. The Java Heap base address is the
#     maximum limit for the native heap growth. Please use -XX:HeapBaseMinAddress
#     to set the Java Heap base and to place the Java Heap above 4GB virtual address.
# This output file may be truncated or incomplete.
#
#  Out of Memory Error (arena.cpp:168), pid=16852, tid=17328
#
# JRE version: OpenJDK Runtime Environment Temurin-21.0.6+7 (21.0.6+7) (build 21.0.6+7-LTS)
# Java VM: OpenJDK 64-Bit Server VM Temurin-21.0.6+7 (21.0.6+7-LTS, mixed mode, sharing, tiered, compressed oops, compressed class ptrs, parallel gc, windows-amd64)
# No core dump will be written. Minidumps are not enabled by default on client versions of Windows
#

---------------  S U M M A R Y ------------

Command Line: --add-modules=ALL-SYSTEM --add-opens=java.base/java.util=ALL-UNNAMED --add-opens=java.base/java.lang=ALL-UNNAMED --add-opens=java.base/sun.nio.fs=ALL-UNNAMED -Declipse.application=org.eclipse.jdt.ls.core.id1 -Dosgi.bundles.defaultStartLevel=4 -Declipse.product=org.eclipse.jdt.ls.core.product -Djava.import.generatesMetadataFilesAtProjectRoot=false -DDetectVMInstallationsJob.disabled=true -Dfile.encoding=utf8 -XX:+UseParallelGC -XX:GCTimeRatio=4 -XX:AdaptiveSizePolicyWeight=90 -Dsun.zip.disableMemoryMapping=true -Xmx1G -Xms100m -Xlog:disable -javaagent:c:\Users\gomes\.vscode\extensions\redhat.java-1.41.1-win32-x64\lombok\lombok-1.18.36.jar -XX:+HeapDumpOnOutOfMemoryError -XX:HeapDumpPath=c:\Users\gomes\AppData\Roaming\Code\User\workspaceStorage\2f152fc2f13cf7b26abc49ce27bebe52\redhat.java -Daether.dependencyCollector.impl=bf c:\Users\gomes\.vscode\extensions\redhat.java-1.41.1-win32-x64\server\plugins\org.eclipse.equinox.launcher_1.7.0.v20250331-1702.jar -configuration c:\Users\gomes\AppData\Roaming\Code\User\globalStorage\redhat.java\1.41.1\config_win -data c:\Users\gomes\AppData\Roaming\Code\User\workspaceStorage\2f152fc2f13cf7b26abc49ce27bebe52\redhat.java\jdt_ws --pipe=\\.\pipe\lsp-494530b83db29793241d35bf37cee66c-sock

Host: 11th Gen Intel(R) Core(TM) i5-1135G7 @ 2.40GHz, 8 cores, 11G,  Windows 11 , 64 bit Build 22621 (10.0.22621.5124)
Time: Tue Apr 22 23:48:57 2025 Sri Lanka Standard Time elapsed time: 6.978202 seconds (0d 0h 0m 6s)

---------------  T H R E A D  ---------------

Current thread (0x000001f46971e1f0):  JavaThread "C2 CompilerThread2" daemon [_thread_in_native, id=17328, stack(0x0000005cfc500000,0x0000005cfc600000) (1024K)]


Current CompileTask:
C2:6978 7648   !   4       java.nio.file.FileTreeWalker::next (144 bytes)

Stack: [0x0000005cfc500000,0x0000005cfc600000]
Native frames: (J=compiled Java code, j=interpreted, Vv=VM code, C=native code)
V  [jvm.dll+0x6cdee9]
V  [jvm.dll+0x8a83d1]
V  [jvm.dll+0x8aa8fe]
V  [jvm.dll+0x8aafe3]
V  [jvm.dll+0x27f706]
V  [jvm.dll+0xc500d]
V  [jvm.dll+0xc5543]
V  [jvm.dll+0x3b6752]
V  [jvm.dll+0x382935]
V  [jvm.dll+0x381d9a]
V  [jvm.dll+0x2479f0]
V  [jvm.dll+0x246fcf]
V  [jvm.dll+0x1c75ee]
V  [jvm.dll+0x25685a]
V  [jvm.dll+0x254dfa]
V  [jvm.dll+0x3f0256]
V  [jvm.dll+0x851f8b]
V  [jvm.dll+0x6cc5ed]
C  [ucrtbase.dll+0x29333]
C  [KERNEL32.DLL+0x1259d]
C  [ntdll.dll+0x5af38]


---------------  P R O C E S S  ---------------

Threads class SMR info:
_java_thread_list=0x000001f46d1e48d0, length=45, elements={
0x000001f40a995c00, 0x000001f4621bf3b0, 0x000001f4621c02c0, 0x000001f4621c6d60,
0x000001f4621c8ee0, 0x000001f4621ca910, 0x000001f4621ce140, 0x000001f4621d74a0,
0x000001f4621d7fe0, 0x000001f463c53e80, 0x000001f463df1fa0, 0x000001f463eb5d60,
0x000001f4687cb480, 0x000001f468980340, 0x000001f4689c8830, 0x000001f468cf1c80,
0x000001f4693536f0, 0x000001f469458820, 0x000001f4692e2860, 0x000001f4690cafb0,
0x000001f4690cc9f0, 0x000001f4690cbcd0, 0x000001f4690cb640, 0x000001f46971e1f0,
0x000001f4690cc360, 0x000001f4690c9c00, 0x000001f4690c9570, 0x000001f4690ca290,
0x000001f4690ca920, 0x000001f4694fbfa0, 0x000001f4694fccc0, 0x000001f4694fabf0,
0x000001f4694fb280, 0x000001f4694f9840, 0x000001f4694fa560, 0x000001f4694fd9e0,
0x000001f4694fb910, 0x000001f4694f9ed0, 0x000001f4694f91b0, 0x000001f4694f8b20,
0x000001f4694fd350, 0x000001f4694fe070, 0x000001f4694fe700, 0x000001f4694f8490,
0x000001f4694fed90
}

Java Threads: ( => current thread )
  0x000001f40a995c00 JavaThread "main"                              [_thread_blocked, id=21036, stack(0x0000005cfa400000,0x0000005cfa500000) (1024K)]
  0x000001f4621bf3b0 JavaThread "Reference Handler"          daemon [_thread_blocked, id=1412, stack(0x0000005cfa800000,0x0000005cfa900000) (1024K)]
  0x000001f4621c02c0 JavaThread "Finalizer"                  daemon [_thread_blocked, id=10844, stack(0x0000005cfa900000,0x0000005cfaa00000) (1024K)]
  0x000001f4621c6d60 JavaThread "Signal Dispatcher"          daemon [_thread_blocked, id=1872, stack(0x0000005cfaa00000,0x0000005cfab00000) (1024K)]
  0x000001f4621c8ee0 JavaThread "Attach Listener"            daemon [_thread_blocked, id=15436, stack(0x0000005cfab00000,0x0000005cfac00000) (1024K)]
  0x000001f4621ca910 JavaThread "Service Thread"             daemon [_thread_blocked, id=1804, stack(0x0000005cfac00000,0x0000005cfad00000) (1024K)]
  0x000001f4621ce140 JavaThread "Monitor Deflation Thread"   daemon [_thread_blocked, id=16992, stack(0x0000005cfad00000,0x0000005cfae00000) (1024K)]
  0x000001f4621d74a0 JavaThread "C2 CompilerThread0"         daemon [_thread_in_native, id=21260, stack(0x0000005cfae00000,0x0000005cfaf00000) (1024K)]
  0x000001f4621d7fe0 JavaThread "C1 CompilerThread0"         daemon [_thread_blocked, id=15792, stack(0x0000005cfaf00000,0x0000005cfb000000) (1024K)]
  0x000001f463c53e80 JavaThread "Common-Cleaner"             daemon [_thread_blocked, id=23536, stack(0x0000005cfb000000,0x0000005cfb100000) (1024K)]
  0x000001f463df1fa0 JavaThread "C2 CompilerThread1"         daemon [_thread_in_native, id=4616, stack(0x0000005cfb100000,0x0000005cfb200000) (1024K)]
  0x000001f463eb5d60 JavaThread "Notification Thread"        daemon [_thread_blocked, id=13856, stack(0x0000005cfb200000,0x0000005cfb300000) (1024K)]
  0x000001f4687cb480 JavaThread "Active Thread: Equinox Container: f8bb9002-b38c-4cb4-8e91-899ed6622209"        [_thread_blocked, id=20108, stack(0x0000005cfba00000,0x0000005cfbb00000) (1024K)]
  0x000001f468980340 JavaThread "Refresh Thread: Equinox Container: f8bb9002-b38c-4cb4-8e91-899ed6622209" daemon [_thread_blocked, id=21052, stack(0x0000005cfbb00000,0x0000005cfbc00000) (1024K)]
  0x000001f4689c8830 JavaThread "Framework Event Dispatcher: Equinox Container: f8bb9002-b38c-4cb4-8e91-899ed6622209" daemon [_thread_blocked, id=21296, stack(0x0000005cfbd00000,0x0000005cfbe00000) (1024K)]
  0x000001f468cf1c80 JavaThread "Start Level: Equinox Container: f8bb9002-b38c-4cb4-8e91-899ed6622209" daemon [_thread_blocked, id=7676, stack(0x0000005cfbe00000,0x0000005cfbf00000) (1024K)]
  0x000001f4693536f0 JavaThread "Bundle File Closer"         daemon [_thread_blocked, id=16444, stack(0x0000005cfbf00000,0x0000005cfc000000) (1024K)]
  0x000001f469458820 JavaThread "SCR Component Actor"        daemon [_thread_blocked, id=19640, stack(0x0000005cfc000000,0x0000005cfc100000) (1024K)]
  0x000001f4692e2860 JavaThread "SCR Component Registry"     daemon [_thread_blocked, id=5340, stack(0x0000005cfc100000,0x0000005cfc200000) (1024K)]
  0x000001f4690cafb0 JavaThread "Worker-JM"                         [_thread_blocked, id=11928, stack(0x0000005cfc200000,0x0000005cfc300000) (1024K)]
  0x000001f4690cc9f0 JavaThread "JNA Cleaner"                daemon [_thread_blocked, id=15240, stack(0x0000005cfb900000,0x0000005cfba00000) (1024K)]
  0x000001f4690cbcd0 JavaThread "Worker-0: Initialize workspace"        [_thread_blocked, id=16084, stack(0x0000005cfc300000,0x0000005cfc400000) (1024K)]
  0x000001f4690cb640 JavaThread "Worker-1"                          [_thread_blocked, id=22664, stack(0x0000005cfc400000,0x0000005cfc500000) (1024K)]
=>0x000001f46971e1f0 JavaThread "C2 CompilerThread2"         daemon [_thread_in_native, id=17328, stack(0x0000005cfc500000,0x0000005cfc600000) (1024K)]
  0x000001f4690cc360 JavaThread "Java indexing"              daemon [_thread_in_Java, id=10296, stack(0x0000005cfc600000,0x0000005cfc700000) (1024K)]
  0x000001f4690c9c00 JavaThread "Worker-2: Java indexing... "        [_thread_blocked, id=15168, stack(0x0000005cfc700000,0x0000005cfc800000) (1024K)]
  0x000001f4690c9570 JavaThread "Worker-3"                          [_thread_blocked, id=10572, stack(0x0000005cfc800000,0x0000005cfc900000) (1024K)]
  0x000001f4690ca290 JavaThread "Thread-2"                   daemon [_thread_in_native, id=8184, stack(0x0000005cfc900000,0x0000005cfca00000) (1024K)]
  0x000001f4690ca920 JavaThread "Thread-3"                   daemon [_thread_in_native, id=10304, stack(0x0000005cfca00000,0x0000005cfcb00000) (1024K)]
  0x000001f4694fbfa0 JavaThread "Thread-4"                   daemon [_thread_in_native, id=19624, stack(0x0000005cfcb00000,0x0000005cfcc00000) (1024K)]
  0x000001f4694fccc0 JavaThread "Thread-5"                   daemon [_thread_in_native, id=23388, stack(0x0000005cfcc00000,0x0000005cfcd00000) (1024K)]
  0x000001f4694fabf0 JavaThread "Thread-6"                   daemon [_thread_in_native, id=336, stack(0x0000005cfcd00000,0x0000005cfce00000) (1024K)]
  0x000001f4694fb280 JavaThread "Thread-7"                   daemon [_thread_in_native, id=2088, stack(0x0000005cfce00000,0x0000005cfcf00000) (1024K)]
  0x000001f4694f9840 JavaThread "Thread-8"                   daemon [_thread_in_native, id=23132, stack(0x0000005cfcf00000,0x0000005cfd000000) (1024K)]
  0x000001f4694fa560 JavaThread "Thread-9"                   daemon [_thread_in_native, id=5872, stack(0x0000005cfd000000,0x0000005cfd100000) (1024K)]
  0x000001f4694fd9e0 JavaThread "Thread-10"                  daemon [_thread_in_native, id=9832, stack(0x0000005cfd100000,0x0000005cfd200000) (1024K)]
  0x000001f4694fb910 JavaThread "pool-2-thread-1"                   [_thread_blocked, id=22132, stack(0x0000005cfd200000,0x0000005cfd300000) (1024K)]
  0x000001f4694f9ed0 JavaThread "WorkspaceEventsHandler"            [_thread_blocked, id=22988, stack(0x0000005cfd300000,0x0000005cfd400000) (1024K)]
  0x000001f4694f91b0 JavaThread "pool-1-thread-1"                   [_thread_in_native, id=15276, stack(0x0000005cfd400000,0x0000005cfd500000) (1024K)]
  0x000001f4694f8b20 JavaThread "Worker-4"                          [_thread_blocked, id=22708, stack(0x0000005cfd500000,0x0000005cfd600000) (1024K)]
  0x000001f4694fd350 JavaThread "Compiler Source File Reader" daemon [_thread_blocked, id=13508, stack(0x0000005cfd600000,0x0000005cfd700000) (1024K)]
  0x000001f4694fe070 JavaThread "Compiler Source File Reader" daemon [_thread_blocked, id=6500, stack(0x0000005cfd700000,0x0000005cfd800000) (1024K)]
  0x000001f4694fe700 JavaThread "Compiler Processing Task"   daemon [_thread_blocked, id=2772, stack(0x0000005cfd800000,0x0000005cfd900000) (1024K)]
  0x000001f4694f8490 JavaThread "Compiler Class File Writer" daemon [_thread_blocked, id=10144, stack(0x0000005cfd900000,0x0000005cfda00000) (1024K)]
  0x000001f4694fed90 JavaThread "Compiler Class File Writer" daemon [_thread_blocked, id=10460, stack(0x0000005cfda00000,0x0000005cfdb00000) (1024K)]
Total: 45

Other Threads:
  0x000001f4621a2cb0 VMThread "VM Thread"                           [id=10548, stack(0x0000005cfa700000,0x0000005cfa800000) (1024K)]
  0x000001f40cd9e940 WatcherThread "VM Periodic Task Thread"        [id=4144, stack(0x0000005cfa600000,0x0000005cfa700000) (1024K)]
  0x000001f40cd52160 WorkerThread "GC Thread#0"                     [id=16892, stack(0x0000005cfa500000,0x0000005cfa600000) (1024K)]
  0x000001f4683a7300 WorkerThread "GC Thread#1"                     [id=10004, stack(0x0000005cfb300000,0x0000005cfb400000) (1024K)]
  0x000001f463f4c620 WorkerThread "GC Thread#2"                     [id=14912, stack(0x0000005cfb400000,0x0000005cfb500000) (1024K)]
  0x000001f468244b50 WorkerThread "GC Thread#3"                     [id=5384, stack(0x0000005cfb500000,0x0000005cfb600000) (1024K)]
  0x000001f4682447b0 WorkerThread "GC Thread#4"                     [id=10680, stack(0x0000005cfb600000,0x0000005cfb700000) (1024K)]
  0x000001f468245d70 WorkerThread "GC Thread#5"                     [id=3672, stack(0x0000005cfb700000,0x0000005cfb800000) (1024K)]
  0x000001f468246110 WorkerThread "GC Thread#6"                     [id=3684, stack(0x0000005cfb800000,0x0000005cfb900000) (1024K)]
  0x000001f468245290 WorkerThread "GC Thread#7"                     [id=22176, stack(0x0000005cfbc00000,0x0000005cfbd00000) (1024K)]
Total: 10

Threads with active compile tasks:
C2 CompilerThread0  6992 7674       4       org.eclipse.jdt.internal.core.search.indexing.BinaryIndexer::extractReferenceFromConstantPool (358 bytes)
C2 CompilerThread1  6992 7656   !   4       org.eclipse.jdt.internal.core.search.indexing.BinaryIndexer::indexDocument (1204 bytes)
C2 CompilerThread2  6992 7648   !   4       java.nio.file.FileTreeWalker::next (144 bytes)
Total: 3

VM state: not at safepoint (normal execution)

VM Mutex/Monitor currently owned by a thread: None

Heap address: 0x00000000c0000000, size: 1024 MB, Compressed Oops mode: 32-bit

CDS archive(s) mapped at: [0x000001f421000000-0x000001f421ba0000-0x000001f421ba0000), size 12189696, SharedBaseAddress: 0x000001f421000000, ArchiveRelocationMode: 1.
Compressed class space mapped at: 0x000001f422000000-0x000001f462000000, reserved size: 1073741824
Narrow klass base: 0x000001f421000000, Narrow klass shift: 0, Narrow klass range: 0x100000000

GC Precious Log:
 CardTable entry size: 512
 CPUs: 8 total, 8 available
 Memory: 12022M
 Large Page Support: Disabled
 NUMA Support: Disabled
 Compressed Oops: Enabled (32-bit)
 Alignments: Space 512K, Generation 512K, Heap 2M
 Heap Min Capacity: 100M
 Heap Initial Capacity: 100M
 Heap Max Capacity: 1G
 Pre-touch: Disabled
 Parallel Workers: 8

Heap:
 PSYoungGen      total 5120K, used 3366K [0x00000000eab00000, 0x00000000eb200000, 0x0000000100000000)
  eden space 4096K, 57% used [0x00000000eab00000,0x00000000ead4b518,0x00000000eaf00000)
  from space 1024K, 99% used [0x00000000eb080000,0x00000000eb17e470,0x00000000eb180000)
  to   space 1536K, 0% used [0x00000000eaf00000,0x00000000eaf00000,0x00000000eb080000)
 ParOldGen       total 137728K, used 119971K [0x00000000c0000000, 0x00000000c8680000, 0x00000000eab00000)
  object space 137728K, 87% used [0x00000000c0000000,0x00000000c7528e60,0x00000000c8680000)
 Metaspace       used 56375K, committed 57664K, reserved 1114112K
  class space    used 5889K, committed 6464K, reserved 1048576K

Card table byte_map: [0x000001f40c700000,0x000001f40c910000] _byte_map_base: 0x000001f40c100000

Marking Bits: (ParMarkBitMap*) 0x00007ffaa9a13260
 Begin Bits: [0x000001f41ef20000, 0x000001f41ff20000)
 End Bits:   [0x000001f41ff20000, 0x000001f420f20000)

Polling page: 0x000001f40c4f0000

Metaspace:

Usage:
  Non-class:     49.30 MB used.
      Class:      5.75 MB used.
       Both:     55.05 MB used.

Virtual space:
  Non-class space:       64.00 MB reserved,      50.00 MB ( 78%) committed,  1 nodes.
      Class space:        1.00 GB reserved,       6.31 MB ( <1%) committed,  1 nodes.
             Both:        1.06 GB reserved,      56.31 MB (  5%) committed. 

Chunk freelists:
   Non-Class:  13.75 MB
       Class:  9.66 MB
        Both:  23.41 MB

MaxMetaspaceSize: unlimited
CompressedClassSpaceSize: 1.00 GB
Initial GC threshold: 21.00 MB
Current GC threshold: 93.69 MB
CDS: on
 - commit_granule_bytes: 65536.
 - commit_granule_words: 8192.
 - virtual_space_node_default_size: 8388608.
 - enlarge_chunks_in_place: 1.
 - use_allocation_guard: 0.


Internal statistics:

num_allocs_failed_limit: 6.
num_arena_births: 914.
num_arena_deaths: 14.
num_vsnodes_births: 2.
num_vsnodes_deaths: 0.
num_space_committed: 901.
num_space_uncommitted: 0.
num_chunks_returned_to_freelist: 20.
num_chunks_taken_from_freelist: 3395.
num_chunk_merges: 12.
num_chunk_splits: 2180.
num_chunks_enlarged: 1330.
num_inconsistent_stats: 0.

CodeHeap 'non-profiled nmethods': size=120000Kb used=4336Kb max_used=4533Kb free=115663Kb
 bounds [0x000001f4179f0000, 0x000001f417e60000, 0x000001f41ef20000]
CodeHeap 'profiled nmethods': size=120000Kb used=14692Kb max_used=15361Kb free=105307Kb
 bounds [0x000001f40ff20000, 0x000001f410e30000, 0x000001f417450000]
CodeHeap 'non-nmethods': size=5760Kb used=1435Kb max_used=1551Kb free=4324Kb
 bounds [0x000001f417450000, 0x000001f4176c0000, 0x000001f4179f0000]
 total_blobs=7669 nmethods=6930 adapters=645
 compilation: enabled
              stopped_count=0, restarted_count=0
 full_count=0

Compilation events (20 events):
Event: 6.781 Thread 0x000001f4621d7fe0 7715       2       com.google.gson.internal.bind.ReflectiveTypeAdapterFactory::getFieldNames (90 bytes)
Event: 6.784 Thread 0x000001f4621d7fe0 nmethod 7715 0x000001f410dfa110 code [0x000001f410dfa380, 0x000001f410dfab68]
Event: 6.785 Thread 0x000001f4621d7fe0 7716       2       org.eclipse.jdt.internal.compiler.parser.Parser::pushOnIntStack (54 bytes)
Event: 6.785 Thread 0x000001f4621d7fe0 nmethod 7716 0x000001f410dfb090 code [0x000001f410dfb240, 0x000001f410dfb4e8]
Event: 6.785 Thread 0x000001f4621d7fe0 7717       2       org.eclipse.jdt.internal.compiler.parser.Parser::consumeRule (7755 bytes)
Event: 6.797 Thread 0x000001f4621d7fe0 nmethod 7717 0x000001f410dfb690 code [0x000001f410dfed40, 0x000001f410e0cdf8]
Event: 6.797 Thread 0x000001f4621d7fe0 7719       2       org.eclipse.jdt.internal.compiler.parser.Parser::consumeToken (2264 bytes)
Event: 6.802 Thread 0x000001f4621d7fe0 nmethod 7719 0x000001f410e12490 code [0x000001f410e13040, 0x000001f410e162b8]
Event: 6.803 Thread 0x000001f4621d7fe0 7720   !   2       org.eclipse.jdt.internal.compiler.parser.Parser::$SWITCH_TABLE$org$eclipse$jdt$internal$compiler$parser$TerminalToken (2080 bytes)
Event: 6.807 Thread 0x000001f4621d7fe0 nmethod 7720 0x000001f410e17c90 code [0x000001f410e181e0, 0x000001f410e1b170]
Event: 6.807 Thread 0x000001f4621d7fe0 7721       2       org.eclipse.jdt.internal.compiler.parser.Parser::fetchNextToken (8 bytes)
Event: 6.807 Thread 0x000001f4621d7fe0 nmethod 7721 0x000001f410e20390 code [0x000001f410e20540, 0x000001f410e20678]
Event: 6.807 Thread 0x000001f4621d7fe0 7718       1       org.eclipse.jdt.internal.compiler.impl.JavaFeature::getCompliance (5 bytes)
Event: 6.807 Thread 0x000001f4621d7fe0 nmethod 7718 0x000001f417e5ce90 code [0x000001f417e5d020, 0x000001f417e5d0e8]
Event: 6.807 Thread 0x000001f4621d7fe0 7723       1       lombok.eclipse.EclipseNode::getAst (5 bytes)
Event: 6.807 Thread 0x000001f4621d7fe0 nmethod 7723 0x000001f417e5d190 code [0x000001f417e5d320, 0x000001f417e5d3e8]
Event: 6.807 Thread 0x000001f4621d7fe0 7722       1       org.eclipse.core.internal.resources.ResourceInfo::getFileStoreRoot (5 bytes)
Event: 6.807 Thread 0x000001f4621d7fe0 nmethod 7722 0x000001f417e5d490 code [0x000001f417e5d620, 0x000001f417e5d6e8]
Event: 6.970 Thread 0x000001f4621d7fe0 7725       2       java.util.IdentityHashMap$IdentityHashMapIterator::<init> (63 bytes)
Event: 6.971 Thread 0x000001f4621d7fe0 nmethod 7725 0x000001f4100b2010 code [0x000001f4100b21c0, 0x000001f4100b2348]

GC Heap History (20 events):
Event: 6.724 GC heap before
{Heap before GC invocations=93 (full 2):
 PSYoungGen      total 6144K, used 5908K [0x00000000eab00000, 0x00000000eb280000, 0x0000000100000000)
  eden space 4608K, 100% used [0x00000000eab00000,0x00000000eaf80000,0x00000000eaf80000)
  from space 1536K, 84% used [0x00000000eb100000,0x00000000eb245088,0x00000000eb280000)
  to   space 1536K, 0% used [0x00000000eaf80000,0x00000000eaf80000,0x00000000eb100000)
 ParOldGen       total 131584K, used 131473K [0x00000000c0000000, 0x00000000c8080000, 0x00000000eab00000)
  object space 131584K, 99% used [0x00000000c0000000,0x00000000c8064588,0x00000000c8080000)
 Metaspace       used 55461K, committed 56768K, reserved 1114112K
  class space    used 5772K, committed 6336K, reserved 1048576K
}
Event: 6.725 GC heap after
{Heap after GC invocations=93 (full 2):
 PSYoungGen      total 6144K, used 1117K [0x00000000eab00000, 0x00000000eb280000, 0x0000000100000000)
  eden space 4608K, 0% used [0x00000000eab00000,0x00000000eab00000,0x00000000eaf80000)
  from space 1536K, 72% used [0x00000000eaf80000,0x00000000eb0975b8,0x00000000eb100000)
  to   space 1536K, 0% used [0x00000000eb100000,0x00000000eb100000,0x00000000eb280000)
 ParOldGen       total 133120K, used 132647K [0x00000000c0000000, 0x00000000c8200000, 0x00000000eab00000)
  object space 133120K, 99% used [0x00000000c0000000,0x00000000c8189ef8,0x00000000c8200000)
 Metaspace       used 55461K, committed 56768K, reserved 1114112K
  class space    used 5772K, committed 6336K, reserved 1048576K
}
Event: 6.739 GC heap before
{Heap before GC invocations=94 (full 2):
 PSYoungGen      total 6144K, used 5725K [0x00000000eab00000, 0x00000000eb280000, 0x0000000100000000)
  eden space 4608K, 100% used [0x00000000eab00000,0x00000000eaf80000,0x00000000eaf80000)
  from space 1536K, 72% used [0x00000000eaf80000,0x00000000eb0975b8,0x00000000eb100000)
  to   space 1536K, 0% used [0x00000000eb100000,0x00000000eb100000,0x00000000eb280000)
 ParOldGen       total 133120K, used 132647K [0x00000000c0000000, 0x00000000c8200000, 0x00000000eab00000)
  object space 133120K, 99% used [0x00000000c0000000,0x00000000c8189ef8,0x00000000c8200000)
 Metaspace       used 55568K, committed 56832K, reserved 1114112K
  class space    used 5783K, committed 6336K, reserved 1048576K
}
Event: 6.740 GC heap after
{Heap after GC invocations=94 (full 2):
 PSYoungGen      total 6144K, used 1082K [0x00000000eab00000, 0x00000000eb280000, 0x0000000100000000)
  eden space 4608K, 0% used [0x00000000eab00000,0x00000000eab00000,0x00000000eaf80000)
  from space 1536K, 70% used [0x00000000eb100000,0x00000000eb20eb20,0x00000000eb280000)
  to   space 1536K, 0% used [0x00000000eaf80000,0x00000000eaf80000,0x00000000eb100000)
 ParOldGen       total 134144K, used 133689K [0x00000000c0000000, 0x00000000c8300000, 0x00000000eab00000)
  object space 134144K, 99% used [0x00000000c0000000,0x00000000c828e6a8,0x00000000c8300000)
 Metaspace       used 55568K, committed 56832K, reserved 1114112K
  class space    used 5783K, committed 6336K, reserved 1048576K
}
Event: 6.752 GC heap before
{Heap before GC invocations=95 (full 2):
 PSYoungGen      total 6144K, used 5690K [0x00000000eab00000, 0x00000000eb280000, 0x0000000100000000)
  eden space 4608K, 100% used [0x00000000eab00000,0x00000000eaf80000,0x00000000eaf80000)
  from space 1536K, 70% used [0x00000000eb100000,0x00000000eb20eb20,0x00000000eb280000)
  to   space 1536K, 0% used [0x00000000eaf80000,0x00000000eaf80000,0x00000000eb100000)
 ParOldGen       total 134144K, used 133689K [0x00000000c0000000, 0x00000000c8300000, 0x00000000eab00000)
  object space 134144K, 99% used [0x00000000c0000000,0x00000000c828e6a8,0x00000000c8300000)
 Metaspace       used 55699K, committed 56960K, reserved 1114112K
  class space    used 5796K, committed 6336K, reserved 1048576K
}
Event: 6.753 GC heap after
{Heap after GC invocations=95 (full 2):
 PSYoungGen      total 6144K, used 1187K [0x00000000eab00000, 0x00000000eb280000, 0x0000000100000000)
  eden space 4608K, 0% used [0x00000000eab00000,0x00000000eab00000,0x00000000eaf80000)
  from space 1536K, 77% used [0x00000000eaf80000,0x00000000eb0a8e38,0x00000000eb100000)
  to   space 1536K, 0% used [0x00000000eb100000,0x00000000eb100000,0x00000000eb280000)
 ParOldGen       total 134656K, used 134572K [0x00000000c0000000, 0x00000000c8380000, 0x00000000eab00000)
  object space 134656K, 99% used [0x00000000c0000000,0x00000000c836b110,0x00000000c8380000)
 Metaspace       used 55699K, committed 56960K, reserved 1114112K
  class space    used 5796K, committed 6336K, reserved 1048576K
}
Event: 6.763 GC heap before
{Heap before GC invocations=96 (full 2):
 PSYoungGen      total 6144K, used 5791K [0x00000000eab00000, 0x00000000eb280000, 0x0000000100000000)
  eden space 4608K, 99% used [0x00000000eab00000,0x00000000eaf7f1b8,0x00000000eaf80000)
  from space 1536K, 77% used [0x00000000eaf80000,0x00000000eb0a8e38,0x00000000eb100000)
  to   space 1536K, 0% used [0x00000000eb100000,0x00000000eb100000,0x00000000eb280000)
 ParOldGen       total 134656K, used 134572K [0x00000000c0000000, 0x00000000c8380000, 0x00000000eab00000)
  object space 134656K, 99% used [0x00000000c0000000,0x00000000c836b110,0x00000000c8380000)
 Metaspace       used 55884K, committed 57216K, reserved 1114112K
  class space    used 5827K, committed 6400K, reserved 1048576K
}
Event: 6.765 GC heap after
{Heap after GC invocations=96 (full 2):
 PSYoungGen      total 5632K, used 744K [0x00000000eab00000, 0x00000000eb200000, 0x0000000100000000)
  eden space 4608K, 0% used [0x00000000eab00000,0x00000000eab00000,0x00000000eaf80000)
  from space 1024K, 72% used [0x00000000eb100000,0x00000000eb1ba020,0x00000000eb200000)
  to   space 1024K, 0% used [0x00000000eb000000,0x00000000eb000000,0x00000000eb100000)
 ParOldGen       total 135680K, used 135285K [0x00000000c0000000, 0x00000000c8480000, 0x00000000eab00000)
  object space 135680K, 99% used [0x00000000c0000000,0x00000000c841d5d8,0x00000000c8480000)
 Metaspace       used 55884K, committed 57216K, reserved 1114112K
  class space    used 5827K, committed 6400K, reserved 1048576K
}
Event: 6.782 GC heap before
{Heap before GC invocations=97 (full 2):
 PSYoungGen      total 5632K, used 5352K [0x00000000eab00000, 0x00000000eb200000, 0x0000000100000000)
  eden space 4608K, 100% used [0x00000000eab00000,0x00000000eaf80000,0x00000000eaf80000)
  from space 1024K, 72% used [0x00000000eb100000,0x00000000eb1ba020,0x00000000eb200000)
  to   space 1024K, 0% used [0x00000000eb000000,0x00000000eb000000,0x00000000eb100000)
 ParOldGen       total 135680K, used 135285K [0x00000000c0000000, 0x00000000c8480000, 0x00000000eab00000)
  object space 135680K, 99% used [0x00000000c0000000,0x00000000c841d5d8,0x00000000c8480000)
 Metaspace       used 56097K, committed 57344K, reserved 1114112K
  class space    used 5857K, committed 6400K, reserved 1048576K
}
Event: 6.784 GC heap after
{Heap after GC invocations=97 (full 2):
 PSYoungGen      total 5632K, used 885K [0x00000000eab00000, 0x00000000eb180000, 0x0000000100000000)
  eden space 4608K, 0% used [0x00000000eab00000,0x00000000eab00000,0x00000000eaf80000)
  from space 1024K, 86% used [0x00000000eb000000,0x00000000eb0dd7a8,0x00000000eb100000)
  to   space 512K, 0% used [0x00000000eb100000,0x00000000eb100000,0x00000000eb180000)
 ParOldGen       total 136192K, used 135903K [0x00000000c0000000, 0x00000000c8500000, 0x00000000eab00000)
  object space 136192K, 99% used [0x00000000c0000000,0x00000000c84b7fa0,0x00000000c8500000)
 Metaspace       used 56097K, committed 57344K, reserved 1114112K
  class space    used 5857K, committed 6400K, reserved 1048576K
}
Event: 6.797 GC heap before
{Heap before GC invocations=98 (full 2):
 PSYoungGen      total 5632K, used 5493K [0x00000000eab00000, 0x00000000eb180000, 0x0000000100000000)
  eden space 4608K, 100% used [0x00000000eab00000,0x00000000eaf80000,0x00000000eaf80000)
  from space 1024K, 86% used [0x00000000eb000000,0x00000000eb0dd7a8,0x00000000eb100000)
  to   space 512K, 0% used [0x00000000eb100000,0x00000000eb100000,0x00000000eb180000)
 ParOldGen       total 136192K, used 135903K [0x00000000c0000000, 0x00000000c8500000, 0x00000000eab00000)
  object space 136192K, 99% used [0x00000000c0000000,0x00000000c84b7fa0,0x00000000c8500000)
 Metaspace       used 56124K, committed 57408K, reserved 1114112K
  class space    used 5865K, committed 6400K, reserved 1048576K
}
Event: 6.799 GC heap after
{Heap after GC invocations=98 (full 2):
 PSYoungGen      total 4608K, used 512K [0x00000000eab00000, 0x00000000eb380000, 0x0000000100000000)
  eden space 4096K, 0% used [0x00000000eab00000,0x00000000eab00000,0x00000000eaf00000)
  from space 512K, 100% used [0x00000000eb100000,0x00000000eb180000,0x00000000eb180000)
  to   space 2048K, 0% used [0x00000000eaf00000,0x00000000eaf00000,0x00000000eb100000)
 ParOldGen       total 137216K, used 137205K [0x00000000c0000000, 0x00000000c8600000, 0x00000000eab00000)
  object space 137216K, 99% used [0x00000000c0000000,0x00000000c85fd738,0x00000000c8600000)
 Metaspace       used 56124K, committed 57408K, reserved 1114112K
  class space    used 5865K, committed 6400K, reserved 1048576K
}
Event: 6.809 GC heap before
{Heap before GC invocations=99 (full 2):
 PSYoungGen      total 4608K, used 4608K [0x00000000eab00000, 0x00000000eb380000, 0x0000000100000000)
  eden space 4096K, 100% used [0x00000000eab00000,0x00000000eaf00000,0x00000000eaf00000)
  from space 512K, 100% used [0x00000000eb100000,0x00000000eb180000,0x00000000eb180000)
  to   space 2048K, 0% used [0x00000000eaf00000,0x00000000eaf00000,0x00000000eb100000)
 ParOldGen       total 137216K, used 137205K [0x00000000c0000000, 0x00000000c8600000, 0x00000000eab00000)
  object space 137216K, 99% used [0x00000000c0000000,0x00000000c85fd738,0x00000000c8600000)
 Metaspace       used 56209K, committed 57536K, reserved 1114112K
  class space    used 5885K, committed 6464K, reserved 1048576K
}
Event: 6.811 GC heap after
{Heap after GC invocations=99 (full 2):
 PSYoungGen      total 4608K, used 4608K [0x00000000eab00000, 0x00000000eb380000, 0x0000000100000000)
  eden space 4096K, 100% used [0x00000000eab00000,0x00000000eaf00000,0x00000000eaf00000)
  from space 512K, 100% used [0x00000000eb100000,0x00000000eb180000,0x00000000eb180000)
  to   space 2048K, 51% used [0x00000000eaf00000,0x00000000eb007c08,0x00000000eb100000)
 ParOldGen       total 137728K, used 137724K [0x00000000c0000000, 0x00000000c8680000, 0x00000000eab00000)
  object space 137728K, 99% used [0x00000000c0000000,0x00000000c867f3e0,0x00000000c8680000)
 Metaspace       used 56209K, committed 57536K, reserved 1114112K
  class space    used 5885K, committed 6464K, reserved 1048576K
}
Event: 6.811 GC heap before
{Heap before GC invocations=100 (full 3):
 PSYoungGen      total 4608K, used 4608K [0x00000000eab00000, 0x00000000eb380000, 0x0000000100000000)
  eden space 4096K, 100% used [0x00000000eab00000,0x00000000eaf00000,0x00000000eaf00000)
  from space 512K, 100% used [0x00000000eb100000,0x00000000eb180000,0x00000000eb180000)
  to   space 2048K, 51% used [0x00000000eaf00000,0x00000000eb007c08,0x00000000eb100000)
 ParOldGen       total 137728K, used 137724K [0x00000000c0000000, 0x00000000c8680000, 0x00000000eab00000)
  object space 137728K, 99% used [0x00000000c0000000,0x00000000c867f3e0,0x00000000c8680000)
 Metaspace       used 56209K, committed 57536K, reserved 1114112K
  class space    used 5885K, committed 6464K, reserved 1048576K
}
Event: 6.954 GC heap after
{Heap after GC invocations=100 (full 3):
 PSYoungGen      total 6144K, used 0K [0x00000000eab00000, 0x00000000eb300000, 0x0000000100000000)
  eden space 4096K, 0% used [0x00000000eab00000,0x00000000eab00000,0x00000000eaf00000)
  from space 2048K, 0% used [0x00000000eaf00000,0x00000000eaf00000,0x00000000eb100000)
  to   space 2048K, 0% used [0x00000000eb100000,0x00000000eb100000,0x00000000eb300000)
 ParOldGen       total 137728K, used 118298K [0x00000000c0000000, 0x00000000c8680000, 0x00000000eab00000)
  object space 137728K, 85% used [0x00000000c0000000,0x00000000c7386a08,0x00000000c8680000)
 Metaspace       used 56209K, committed 57536K, reserved 1114112K
  class space    used 5885K, committed 6464K, reserved 1048576K
}
Event: 6.965 GC heap before
{Heap before GC invocations=101 (full 3):
 PSYoungGen      total 6144K, used 4053K [0x00000000eab00000, 0x00000000eb300000, 0x0000000100000000)
  eden space 4096K, 98% used [0x00000000eab00000,0x00000000eaef5488,0x00000000eaf00000)
  from space 2048K, 0% used [0x00000000eaf00000,0x00000000eaf00000,0x00000000eb100000)
  to   space 2048K, 0% used [0x00000000eb100000,0x00000000eb100000,0x00000000eb300000)
 ParOldGen       total 137728K, used 118298K [0x00000000c0000000, 0x00000000c8680000, 0x00000000eab00000)
  object space 137728K, 85% used [0x00000000c0000000,0x00000000c7386a08,0x00000000c8680000)
 Metaspace       used 56222K, committed 57536K, reserved 1114112K
  class space    used 5888K, committed 6464K, reserved 1048576K
}
Event: 6.966 GC heap after
{Heap after GC invocations=101 (full 3):
 PSYoungGen      total 5120K, used 989K [0x00000000eab00000, 0x00000000eb200000, 0x0000000100000000)
  eden space 4096K, 0% used [0x00000000eab00000,0x00000000eab00000,0x00000000eaf00000)
  from space 1024K, 96% used [0x00000000eb100000,0x00000000eb1f7618,0x00000000eb200000)
  to   space 1536K, 0% used [0x00000000eaf00000,0x00000000eaf00000,0x00000000eb080000)
 ParOldGen       total 137728K, used 118298K [0x00000000c0000000, 0x00000000c8680000, 0x00000000eab00000)
  object space 137728K, 85% used [0x00000000c0000000,0x00000000c7386a08,0x00000000c8680000)
 Metaspace       used 56222K, committed 57536K, reserved 1114112K
  class space    used 5888K, committed 6464K, reserved 1048576K
}
Event: 6.972 GC heap before
{Heap before GC invocations=102 (full 3):
 PSYoungGen      total 5120K, used 5085K [0x00000000eab00000, 0x00000000eb200000, 0x0000000100000000)
  eden space 4096K, 100% used [0x00000000eab00000,0x00000000eaf00000,0x00000000eaf00000)
  from space 1024K, 96% used [0x00000000eb100000,0x00000000eb1f7618,0x00000000eb200000)
  to   space 1536K, 0% used [0x00000000eaf00000,0x00000000eaf00000,0x00000000eb080000)
 ParOldGen       total 137728K, used 118298K [0x00000000c0000000, 0x00000000c8680000, 0x00000000eab00000)
  object space 137728K, 85% used [0x00000000c0000000,0x00000000c7386a08,0x00000000c8680000)
 Metaspace       used 56303K, committed 57600K, reserved 1114112K
  class space    used 5888K, committed 6464K, reserved 1048576K
}
Event: 6.974 GC heap after
{Heap after GC invocations=102 (full 3):
 PSYoungGen      total 5632K, used 963K [0x00000000eab00000, 0x00000000eb180000, 0x0000000100000000)
  eden space 4096K, 0% used [0x00000000eab00000,0x00000000eab00000,0x00000000eaf00000)
  from space 1536K, 62% used [0x00000000eaf00000,0x00000000eaff0f28,0x00000000eb080000)
  to   space 1024K, 0% used [0x00000000eb080000,0x00000000eb080000,0x00000000eb180000)
 ParOldGen       total 137728K, used 119152K [0x00000000c0000000, 0x00000000c8680000, 0x00000000eab00000)
  object space 137728K, 86% used [0x00000000c0000000,0x00000000c745c038,0x00000000c8680000)
 Metaspace       used 56303K, committed 57600K, reserved 1114112K
  class space    used 5888K, committed 6464K, reserved 1048576K
}

Dll operation events (10 events):
Event: 0.005 Loaded shared library c:\Users\gomes\.vscode\extensions\redhat.java-1.41.1-win32-x64\jre\21.0.6-win32-x86_64\bin\java.dll
Event: 0.047 Loaded shared library c:\Users\gomes\.vscode\extensions\redhat.java-1.41.1-win32-x64\jre\21.0.6-win32-x86_64\bin\zip.dll
Event: 0.061 Loaded shared library C:\Users\gomes\.vscode\extensions\redhat.java-1.41.1-win32-x64\jre\21.0.6-win32-x86_64\bin\instrument.dll
Event: 0.063 Loaded shared library C:\Users\gomes\.vscode\extensions\redhat.java-1.41.1-win32-x64\jre\21.0.6-win32-x86_64\bin\net.dll
Event: 0.065 Loaded shared library C:\Users\gomes\.vscode\extensions\redhat.java-1.41.1-win32-x64\jre\21.0.6-win32-x86_64\bin\nio.dll
Event: 0.066 Loaded shared library C:\Users\gomes\.vscode\extensions\redhat.java-1.41.1-win32-x64\jre\21.0.6-win32-x86_64\bin\zip.dll
Event: 0.078 Loaded shared library C:\Users\gomes\.vscode\extensions\redhat.java-1.41.1-win32-x64\jre\21.0.6-win32-x86_64\bin\jimage.dll
Event: 0.120 Loaded shared library c:\Users\gomes\.vscode\extensions\redhat.java-1.41.1-win32-x64\jre\21.0.6-win32-x86_64\bin\verify.dll
Event: 0.821 Loaded shared library C:\Users\gomes\AppData\Roaming\Code\User\globalStorage\redhat.java\1.41.1\config_win\org.eclipse.equinox.launcher\org.eclipse.equinox.launcher.win32.win32.x86_64_1.2.1300.v20250331-1702\eclipse_11911.dll
Event: 1.974 Loaded shared library C:\Users\gomes\AppData\Local\Temp\jna-98537459\jna1220421631605166370.dll

Deoptimization events (20 events):
Event: 6.792 Thread 0x000001f4690cc360 DEOPT PACKING pc=0x000001f410d79b53 sp=0x0000005cfc6fe640
Event: 6.792 Thread 0x000001f4690cc360 DEOPT UNPACKING pc=0x000001f4174a78e2 sp=0x0000005cfc6fdba8 mode 0
Event: 6.797 Thread 0x000001f4690cc360 DEOPT PACKING pc=0x000001f410d79bd3 sp=0x0000005cfc6fe640
Event: 6.797 Thread 0x000001f4690cc360 DEOPT UNPACKING pc=0x000001f4174a78e2 sp=0x0000005cfc6fdba8 mode 0
Event: 6.802 Thread 0x000001f4690cc360 DEOPT PACKING pc=0x000001f410d79b53 sp=0x0000005cfc6fe640
Event: 6.802 Thread 0x000001f4690cc360 DEOPT UNPACKING pc=0x000001f4174a78e2 sp=0x0000005cfc6fdba8 mode 0
Event: 6.806 Thread 0x000001f4690cc360 DEOPT PACKING pc=0x000001f410d79b53 sp=0x0000005cfc6fe640
Event: 6.806 Thread 0x000001f4690cc360 DEOPT UNPACKING pc=0x000001f4174a78e2 sp=0x0000005cfc6fdba8 mode 0
Event: 6.956 Thread 0x000001f4690cc360 DEOPT PACKING pc=0x000001f410d79b53 sp=0x0000005cfc6fe640
Event: 6.956 Thread 0x000001f4690cc360 DEOPT UNPACKING pc=0x000001f4174a78e2 sp=0x0000005cfc6fdba8 mode 0
Event: 6.960 Thread 0x000001f4690cc360 DEOPT PACKING pc=0x000001f410d79b53 sp=0x0000005cfc6fe640
Event: 6.960 Thread 0x000001f4690cc360 DEOPT UNPACKING pc=0x000001f4174a78e2 sp=0x0000005cfc6fdba8 mode 0
Event: 6.963 Thread 0x000001f4690cc360 DEOPT PACKING pc=0x000001f410d79b53 sp=0x0000005cfc6fe640
Event: 6.963 Thread 0x000001f4690cc360 DEOPT UNPACKING pc=0x000001f4174a78e2 sp=0x0000005cfc6fdba8 mode 0
Event: 6.968 Thread 0x000001f4690cc360 DEOPT PACKING pc=0x000001f410d79b53 sp=0x0000005cfc6fe640
Event: 6.969 Thread 0x000001f4690cc360 DEOPT UNPACKING pc=0x000001f4174a78e2 sp=0x0000005cfc6fdba8 mode 0
Event: 6.971 Thread 0x000001f4690cc360 DEOPT PACKING pc=0x000001f410d79b53 sp=0x0000005cfc6fe640
Event: 6.971 Thread 0x000001f4690cc360 DEOPT UNPACKING pc=0x000001f4174a78e2 sp=0x0000005cfc6fdba8 mode 0
Event: 6.975 Thread 0x000001f4690cc360 DEOPT PACKING pc=0x000001f410d79bd3 sp=0x0000005cfc6fe640
Event: 6.975 Thread 0x000001f4690cc360 DEOPT UNPACKING pc=0x000001f4174a78e2 sp=0x0000005cfc6fdba8 mode 0

Classes loaded (20 events):
Event: 6.501 Loading class sun/nio/fs/WindowsFileSystem$2
Event: 6.501 Loading class java/nio/file/PathMatcher
Event: 6.501 Loading class java/nio/file/PathMatcher done
Event: 6.501 Loading class sun/nio/fs/WindowsFileSystem$2 done
Event: 6.600 Loading class java/lang/UnsupportedClassVersionError
Event: 6.600 Loading class java/lang/UnsupportedClassVersionError done
Event: 6.701 Loading class java/util/stream/DistinctOps
Event: 6.701 Loading class java/util/stream/DistinctOps done
Event: 6.701 Loading class java/util/stream/DistinctOps$1
Event: 6.701 Loading class java/util/stream/DistinctOps$1 done
Event: 6.702 Loading class java/util/stream/DistinctOps$1$2
Event: 6.702 Loading class java/util/stream/DistinctOps$1$2 done
Event: 6.736 Loading class java/util/regex/PatternSyntaxException
Event: 6.736 Loading class java/util/regex/PatternSyntaxException done
Event: 6.766 Loading class java/util/Collections$SynchronizedRandomAccessList
Event: 6.766 Loading class java/util/Collections$SynchronizedList
Event: 6.766 Loading class java/util/Collections$SynchronizedList done
Event: 6.767 Loading class java/util/Collections$SynchronizedRandomAccessList done
Event: 6.779 Loading class java/util/concurrent/CompletableFuture$Signaller
Event: 6.779 Loading class java/util/concurrent/CompletableFuture$Signaller done

Classes unloaded (7 events):
Event: 2.415 Thread 0x000001f4621a2cb0 Unloading class 0x000001f422194c00 'java/lang/invoke/LambdaForm$MH+0x000001f422194c00'
Event: 2.415 Thread 0x000001f4621a2cb0 Unloading class 0x000001f422194800 'java/lang/invoke/LambdaForm$MH+0x000001f422194800'
Event: 2.415 Thread 0x000001f4621a2cb0 Unloading class 0x000001f422194400 'java/lang/invoke/LambdaForm$MH+0x000001f422194400'
Event: 2.415 Thread 0x000001f4621a2cb0 Unloading class 0x000001f422194000 'java/lang/invoke/LambdaForm$MH+0x000001f422194000'
Event: 2.415 Thread 0x000001f4621a2cb0 Unloading class 0x000001f422193c00 'java/lang/invoke/LambdaForm$BMH+0x000001f422193c00'
Event: 2.415 Thread 0x000001f4621a2cb0 Unloading class 0x000001f422193800 'java/lang/invoke/LambdaForm$DMH+0x000001f422193800'
Event: 2.415 Thread 0x000001f4621a2cb0 Unloading class 0x000001f422192400 'java/lang/invoke/LambdaForm$DMH+0x000001f422192400'

Classes redefined (0 events):
No events

Internal exceptions (20 events):
Event: 6.506 Thread 0x000001f4694f8b20 Exception <a 'sun/nio/fs/WindowsException'{0x00000000eacf6340}> (0x00000000eacf6340) 
thrown [s\src\hotspot\share\prims\jni.cpp, line 520]
Event: 6.506 Thread 0x000001f4694f8b20 Exception <a 'sun/nio/fs/WindowsException'{0x00000000eacf6a40}> (0x00000000eacf6a40) 
thrown [s\src\hotspot\share\prims\jni.cpp, line 520]
Event: 6.507 Thread 0x000001f4694f8b20 Exception <a 'sun/nio/fs/WindowsException'{0x00000000ead4b340}> (0x00000000ead4b340) 
thrown [s\src\hotspot\share\prims\jni.cpp, line 520]
Event: 6.507 Thread 0x000001f4694f8b20 Exception <a 'sun/nio/fs/WindowsException'{0x00000000ead4ba08}> (0x00000000ead4ba08) 
thrown [s\src\hotspot\share\prims\jni.cpp, line 520]
Event: 6.507 Thread 0x000001f4694f8b20 Exception <a 'sun/nio/fs/WindowsException'{0x00000000ead4c0e0}> (0x00000000ead4c0e0) 
thrown [s\src\hotspot\share\prims\jni.cpp, line 520]
Event: 6.507 Thread 0x000001f4694f8b20 Exception <a 'sun/nio/fs/WindowsException'{0x00000000ead4c7c8}> (0x00000000ead4c7c8) 
thrown [s\src\hotspot\share\prims\jni.cpp, line 520]
Event: 6.508 Thread 0x000001f4694f8b20 Exception <a 'sun/nio/fs/WindowsException'{0x00000000ead77718}> (0x00000000ead77718) 
thrown [s\src\hotspot\share\prims\jni.cpp, line 520]
Event: 6.508 Thread 0x000001f4694f8b20 Exception <a 'sun/nio/fs/WindowsException'{0x00000000ead77de0}> (0x00000000ead77de0) 
thrown [s\src\hotspot\share\prims\jni.cpp, line 520]
Event: 6.508 Thread 0x000001f4694f8b20 Exception <a 'sun/nio/fs/WindowsException'{0x00000000ead784b8}> (0x00000000ead784b8) 
thrown [s\src\hotspot\share\prims\jni.cpp, line 520]
Event: 6.508 Thread 0x000001f4694f8b20 Exception <a 'sun/nio/fs/WindowsException'{0x00000000ead8ae78}> (0x00000000ead8ae78) 
thrown [s\src\hotspot\share\prims\jni.cpp, line 520]
Event: 6.509 Thread 0x000001f4694f8b20 Exception <a 'sun/nio/fs/WindowsException'{0x00000000eade31a8}> (0x00000000eade31a8) 
thrown [s\src\hotspot\share\prims\jni.cpp, line 520]
Event: 6.509 Thread 0x000001f4694f8b20 Exception <a 'sun/nio/fs/WindowsException'{0x00000000eae0c508}> (0x00000000eae0c508) 
thrown [s\src\hotspot\share\prims\jni.cpp, line 520]
Event: 6.510 Thread 0x000001f4694f8b20 Exception <a 'sun/nio/fs/WindowsException'{0x00000000eae4f1f8}> (0x00000000eae4f1f8) 
thrown [s\src\hotspot\share\prims\jni.cpp, line 520]
Event: 6.510 Thread 0x000001f4694f8b20 Exception <a 'sun/nio/fs/WindowsException'{0x00000000eae7b3c0}> (0x00000000eae7b3c0) 
thrown [s\src\hotspot\share\prims\jni.cpp, line 520]
Event: 6.511 Thread 0x000001f4694f8b20 Exception <a 'sun/nio/fs/WindowsException'{0x00000000eaeb72f8}> (0x00000000eaeb72f8) 
thrown [s\src\hotspot\share\prims\jni.cpp, line 520]
Event: 6.512 Thread 0x000001f4694f8b20 Exception <a 'sun/nio/fs/WindowsException'{0x00000000eaf08c98}> (0x00000000eaf08c98) 
thrown [s\src\hotspot\share\prims\jni.cpp, line 520]
Event: 6.513 Thread 0x000001f4694f8b20 Exception <a 'sun/nio/fs/WindowsException'{0x00000000eaf32000}> (0x00000000eaf32000) 
thrown [s\src\hotspot\share\prims\jni.cpp, line 520]
Event: 6.514 Thread 0x000001f4694f8b20 Exception <a 'sun/nio/fs/WindowsException'{0x00000000eaf5d0c8}> (0x00000000eaf5d0c8) 
thrown [s\src\hotspot\share\prims\jni.cpp, line 520]
Event: 6.517 Thread 0x000001f4694f8b20 Exception <a 'sun/nio/fs/WindowsException'{0x00000000eab2ae68}> (0x00000000eab2ae68) 
thrown [s\src\hotspot\share\prims\jni.cpp, line 520]
Event: 6.625 Thread 0x000001f4694f8b20 Exception <a 'java/lang/NoSuchMethodError'{0x00000000eae59690}: 'int java.lang.invoke.Invokers$Holder.invokeExact_MT(java.lang.Object, java.lang.Object)'> (0x00000000eae59690) 
thrown [s\src\hotspot\share\interpreter\linkResolver.cpp, line 773]

ZGC Phase Switch (0 events):
No events

VM Operations (20 events):
Event: 6.760 Executing VM operation: HandshakeAllThreads (Deoptimize)
Event: 6.761 Executing VM operation: HandshakeAllThreads (Deoptimize) done
Event: 6.763 Executing VM operation: ParallelGCFailedAllocation (Allocation Failure)
Event: 6.765 Executing VM operation: ParallelGCFailedAllocation (Allocation Failure) done
Event: 6.768 Executing VM operation: HandshakeAllThreads (Deoptimize)
Event: 6.768 Executing VM operation: HandshakeAllThreads (Deoptimize) done
Event: 6.773 Executing VM operation: HandshakeAllThreads (Deoptimize)
Event: 6.776 Executing VM operation: HandshakeAllThreads (Deoptimize) done
Event: 6.781 Executing VM operation: ParallelGCFailedAllocation (Allocation Failure)
Event: 6.784 Executing VM operation: ParallelGCFailedAllocation (Allocation Failure) done
Event: 6.797 Executing VM operation: ParallelGCFailedAllocation (Allocation Failure)
Event: 6.799 Executing VM operation: ParallelGCFailedAllocation (Allocation Failure) done
Event: 6.803 Executing VM operation: HandshakeAllThreads (Deoptimize)
Event: 6.803 Executing VM operation: HandshakeAllThreads (Deoptimize) done
Event: 6.809 Executing VM operation: ParallelGCFailedAllocation (Allocation Failure)
Event: 6.954 Executing VM operation: ParallelGCFailedAllocation (Allocation Failure) done
Event: 6.964 Executing VM operation: ParallelGCFailedAllocation (Allocation Failure)
Event: 6.966 Executing VM operation: ParallelGCFailedAllocation (Allocation Failure) done
Event: 6.972 Executing VM operation: ParallelGCFailedAllocation (Allocation Failure)
Event: 6.974 Executing VM operation: ParallelGCFailedAllocation (Allocation Failure) done

Memory protections (0 events):
No events

Nmethod flushes (20 events):
Event: 6.848 Thread 0x000001f4621a2cb0 flushing  nmethod 0x000001f410787690
Event: 6.848 Thread 0x000001f4621a2cb0 flushing  nmethod 0x000001f410788c10
Event: 6.848 Thread 0x000001f4621a2cb0 flushing  nmethod 0x000001f410789b10
Event: 6.848 Thread 0x000001f4621a2cb0 flushing  nmethod 0x000001f41078d010
Event: 6.848 Thread 0x000001f4621a2cb0 flushing  nmethod 0x000001f41078db10
Event: 6.848 Thread 0x000001f4621a2cb0 flushing  nmethod 0x000001f41078ec10
Event: 6.848 Thread 0x000001f4621a2cb0 flushing  nmethod 0x000001f41078f090
Event: 6.848 Thread 0x000001f4621a2cb0 flushing  nmethod 0x000001f410790b10
Event: 6.848 Thread 0x000001f4621a2cb0 flushing  nmethod 0x000001f410795010
Event: 6.848 Thread 0x000001f4621a2cb0 flushing  nmethod 0x000001f41079b610
Event: 6.848 Thread 0x000001f4621a2cb0 flushing  nmethod 0x000001f4107a0e90
Event: 6.848 Thread 0x000001f4621a2cb0 flushing  nmethod 0x000001f4107b1610
Event: 6.848 Thread 0x000001f4621a2cb0 flushing  nmethod 0x000001f4107bf210
Event: 6.848 Thread 0x000001f4621a2cb0 flushing  nmethod 0x000001f4107fc590
Event: 6.848 Thread 0x000001f4621a2cb0 flushing  nmethod 0x000001f410802d90
Event: 6.848 Thread 0x000001f4621a2cb0 flushing  nmethod 0x000001f410804690
Event: 6.848 Thread 0x000001f4621a2cb0 flushing  nmethod 0x000001f410813710
Event: 6.848 Thread 0x000001f4621a2cb0 flushing  nmethod 0x000001f410815190
Event: 6.848 Thread 0x000001f4621a2cb0 flushing  nmethod 0x000001f410836e10
Event: 6.848 Thread 0x000001f4621a2cb0 flushing  nmethod 0x000001f410837710

Events (20 events):
Event: 3.023 Thread 0x000001f4690cbcd0 Thread added: 0x000001f4690c9c00
Event: 3.058 Thread 0x000001f4690c9c00 Thread added: 0x000001f4690c9570
Event: 3.078 Thread 0x000001f40a995c00 Thread added: 0x000001f4690ca290
Event: 3.078 Thread 0x000001f40a995c00 Thread added: 0x000001f4690ca920
Event: 3.079 Thread 0x000001f40a995c00 Thread added: 0x000001f4694fbfa0
Event: 3.079 Thread 0x000001f40a995c00 Thread added: 0x000001f4694fccc0
Event: 3.079 Thread 0x000001f40a995c00 Thread added: 0x000001f4694fabf0
Event: 3.079 Thread 0x000001f40a995c00 Thread added: 0x000001f4694fb280
Event: 3.079 Thread 0x000001f40a995c00 Thread added: 0x000001f4694f9840
Event: 3.079 Thread 0x000001f40a995c00 Thread added: 0x000001f4694fa560
Event: 3.079 Thread 0x000001f40a995c00 Thread added: 0x000001f4694fd9e0
Event: 3.101 Thread 0x000001f40a995c00 Thread added: 0x000001f4694fb910
Event: 3.237 Thread 0x000001f40a995c00 Thread added: 0x000001f4694f9ed0
Event: 3.238 Thread 0x000001f40a995c00 Thread added: 0x000001f4694f91b0
Event: 3.629 Thread 0x000001f4690cbcd0 Thread added: 0x000001f4694f8b20
Event: 5.326 Thread 0x000001f4690cbcd0 Thread added: 0x000001f4694fd350
Event: 5.326 Thread 0x000001f4690cbcd0 Thread added: 0x000001f4694fe070
Event: 6.098 Thread 0x000001f4690cbcd0 Thread added: 0x000001f4694fe700
Event: 6.436 Thread 0x000001f4690cbcd0 Thread added: 0x000001f4694f8490
Event: 6.440 Thread 0x000001f4690cbcd0 Thread added: 0x000001f4694fed90


Dynamic libraries:
0x00007ff706830000 - 0x00007ff70683e000 	c:\Users\gomes\.vscode\extensions\redhat.java-1.41.1-win32-x64\jre\21.0.6-win32-x86_64\bin\java.exe
0x00007ffb46ab0000 - 0x00007ffb46cc7000 	C:\WINDOWS\SYSTEM32\ntdll.dll
0x00007ffb46360000 - 0x00007ffb46424000 	C:\WINDOWS\System32\KERNEL32.DLL
0x00007ffb43e50000 - 0x00007ffb44223000 	C:\WINDOWS\System32\KERNELBASE.dll
0x00007ffb44630000 - 0x00007ffb44741000 	C:\WINDOWS\System32\ucrtbase.dll
0x00007ffb29c30000 - 0x00007ffb29c48000 	c:\Users\gomes\.vscode\extensions\redhat.java-1.41.1-win32-x64\jre\21.0.6-win32-x86_64\bin\jli.dll
0x00007ffb29280000 - 0x00007ffb2929e000 	c:\Users\gomes\.vscode\extensions\redhat.java-1.41.1-win32-x64\jre\21.0.6-win32-x86_64\bin\VCRUNTIME140.dll
0x00007ffb464b0000 - 0x00007ffb46661000 	C:\WINDOWS\System32\USER32.dll
0x00007ffb2cf60000 - 0x00007ffb2d1f8000 	C:\WINDOWS\WinSxS\amd64_microsoft.windows.common-controls_6595b64144ccf1df_6.0.22621.5124_none_270e8f4f7386d69d\COMCTL32.dll
0x00007ffb43e20000 - 0x00007ffb43e46000 	C:\WINDOWS\System32\win32u.dll
0x00007ffb44c20000 - 0x00007ffb44c49000 	C:\WINDOWS\System32\GDI32.dll
0x00007ffb46730000 - 0x00007ffb467d7000 	C:\WINDOWS\System32\msvcrt.dll
0x00007ffb44230000 - 0x00007ffb4434b000 	C:\WINDOWS\System32\gdi32full.dll
0x00007ffb43d80000 - 0x00007ffb43e1a000 	C:\WINDOWS\System32\msvcp_win.dll
0x00007ffb46a30000 - 0x00007ffb46a61000 	C:\WINDOWS\System32\IMM32.DLL
0x00007ffb3e800000 - 0x00007ffb3e80c000 	c:\Users\gomes\.vscode\extensions\redhat.java-1.41.1-win32-x64\jre\21.0.6-win32-x86_64\bin\vcruntime140_1.dll
0x00007ffaeee80000 - 0x00007ffaeef0d000 	c:\Users\gomes\.vscode\extensions\redhat.java-1.41.1-win32-x64\jre\21.0.6-win32-x86_64\bin\msvcp140.dll
0x00007ffaa8d60000 - 0x00007ffaa9af0000 	c:\Users\gomes\.vscode\extensions\redhat.java-1.41.1-win32-x64\jre\21.0.6-win32-x86_64\bin\server\jvm.dll
0x00007ffb46670000 - 0x00007ffb46721000 	C:\WINDOWS\System32\ADVAPI32.dll
0x00007ffb45800000 - 0x00007ffb458a8000 	C:\WINDOWS\System32\sechost.dll
0x00007ffb443d0000 - 0x00007ffb443f8000 	C:\WINDOWS\System32\bcrypt.dll
0x00007ffb467e0000 - 0x00007ffb468f4000 	C:\WINDOWS\System32\RPCRT4.dll
0x00007ffb46430000 - 0x00007ffb464a1000 	C:\WINDOWS\System32\WS2_32.dll
0x00007ffb42a60000 - 0x00007ffb42aad000 	C:\WINDOWS\SYSTEM32\POWRPROF.dll
0x00007ffb3f110000 - 0x00007ffb3f11a000 	C:\WINDOWS\SYSTEM32\VERSION.dll
0x00007ffb41710000 - 0x00007ffb41744000 	C:\WINDOWS\SYSTEM32\WINMM.dll
0x00007ffb42a20000 - 0x00007ffb42a33000 	C:\WINDOWS\SYSTEM32\UMPDC.dll
0x00007ffb42ce0000 - 0x00007ffb42cf8000 	C:\WINDOWS\SYSTEM32\kernel.appcore.dll
0x00007ffb39880000 - 0x00007ffb3988a000 	c:\Users\gomes\.vscode\extensions\redhat.java-1.41.1-win32-x64\jre\21.0.6-win32-x86_64\bin\jimage.dll
0x00007ffb41420000 - 0x00007ffb41652000 	C:\WINDOWS\SYSTEM32\DBGHELP.DLL
0x00007ffb44750000 - 0x00007ffb44ae2000 	C:\WINDOWS\System32\combase.dll
0x00007ffb44f90000 - 0x00007ffb45067000 	C:\WINDOWS\System32\OLEAUT32.dll
0x00007ffb416d0000 - 0x00007ffb41702000 	C:\WINDOWS\SYSTEM32\dbgcore.DLL
0x00007ffb44350000 - 0x00007ffb443cb000 	C:\WINDOWS\System32\bcryptPrimitives.dll
0x00007ffb37020000 - 0x00007ffb3702f000 	c:\Users\gomes\.vscode\extensions\redhat.java-1.41.1-win32-x64\jre\21.0.6-win32-x86_64\bin\instrument.dll
0x00007ffb26690000 - 0x00007ffb266af000 	c:\Users\gomes\.vscode\extensions\redhat.java-1.41.1-win32-x64\jre\21.0.6-win32-x86_64\bin\java.dll
0x00007ffb45ac0000 - 0x00007ffb46356000 	C:\WINDOWS\System32\SHELL32.dll
0x00007ffb43c40000 - 0x00007ffb43d7f000 	C:\WINDOWS\System32\wintypes.dll
0x00007ffb41ae0000 - 0x00007ffb423fa000 	C:\WINDOWS\SYSTEM32\windows.storage.dll
0x00007ffb45070000 - 0x00007ffb4517a000 	C:\WINDOWS\System32\SHCORE.dll
0x00007ffb45190000 - 0x00007ffb451f3000 	C:\WINDOWS\System32\shlwapi.dll
0x00007ffb43af0000 - 0x00007ffb43b1b000 	C:\WINDOWS\SYSTEM32\profapi.dll
0x00007ffb21a70000 - 0x00007ffb21a88000 	c:\Users\gomes\.vscode\extensions\redhat.java-1.41.1-win32-x64\jre\21.0.6-win32-x86_64\bin\zip.dll
0x00007ffb36bb0000 - 0x00007ffb36bc0000 	C:\Users\gomes\.vscode\extensions\redhat.java-1.41.1-win32-x64\jre\21.0.6-win32-x86_64\bin\net.dll
0x00007ffb3ff00000 - 0x00007ffb4002c000 	C:\WINDOWS\SYSTEM32\WINHTTP.dll
0x00007ffb43160000 - 0x00007ffb431ca000 	C:\WINDOWS\system32\mswsock.dll
0x00007ffb13ce0000 - 0x00007ffb13cf6000 	C:\Users\gomes\.vscode\extensions\redhat.java-1.41.1-win32-x64\jre\21.0.6-win32-x86_64\bin\nio.dll
0x00007ffb2c690000 - 0x00007ffb2c6a0000 	c:\Users\gomes\.vscode\extensions\redhat.java-1.41.1-win32-x64\jre\21.0.6-win32-x86_64\bin\verify.dll
0x00007ffb05d10000 - 0x00007ffb05d55000 	C:\Users\gomes\AppData\Roaming\Code\User\globalStorage\redhat.java\1.41.1\config_win\org.eclipse.equinox.launcher\org.eclipse.equinox.launcher.win32.win32.x86_64_1.2.1300.v20250331-1702\eclipse_11911.dll
0x00007ffb458c0000 - 0x00007ffb45a61000 	C:\WINDOWS\System32\ole32.dll
0x00007ffb433b0000 - 0x00007ffb433cb000 	C:\WINDOWS\SYSTEM32\CRYPTSP.dll
0x00007ffb42c40000 - 0x00007ffb42c77000 	C:\WINDOWS\system32\rsaenh.dll
0x00007ffb43250000 - 0x00007ffb43278000 	C:\WINDOWS\SYSTEM32\USERENV.dll
0x00007ffb433d0000 - 0x00007ffb433dc000 	C:\WINDOWS\SYSTEM32\CRYPTBASE.dll
0x00007ffb426e0000 - 0x00007ffb4270d000 	C:\WINDOWS\SYSTEM32\IPHLPAPI.DLL
0x00007ffb458b0000 - 0x00007ffb458b9000 	C:\WINDOWS\System32\NSI.dll
0x00007ffaff060000 - 0x00007ffaff0a9000 	C:\Users\gomes\AppData\Local\Temp\jna-98537459\jna1220421631605166370.dll
0x00007ffb469c0000 - 0x00007ffb469c8000 	C:\WINDOWS\System32\PSAPI.DLL
0x00007ffb3f4a0000 - 0x00007ffb3f4b9000 	C:\WINDOWS\SYSTEM32\dhcpcsvc6.DLL
0x00007ffb3f480000 - 0x00007ffb3f49f000 	C:\WINDOWS\SYSTEM32\dhcpcsvc.DLL

dbghelp: loaded successfully - version: 4.0.5 - missing functions: none
symbol engine: initialized successfully - sym options: 0x614 - pdb path: .;c:\Users\gomes\.vscode\extensions\redhat.java-1.41.1-win32-x64\jre\21.0.6-win32-x86_64\bin;C:\WINDOWS\SYSTEM32;C:\WINDOWS\WinSxS\amd64_microsoft.windows.common-controls_6595b64144ccf1df_6.0.22621.5124_none_270e8f4f7386d69d;c:\Users\gomes\.vscode\extensions\redhat.java-1.41.1-win32-x64\jre\21.0.6-win32-x86_64\bin\server;C:\Users\gomes\AppData\Roaming\Code\User\globalStorage\redhat.java\1.41.1\config_win\org.eclipse.equinox.launcher\org.eclipse.equinox.launcher.win32.win32.x86_64_1.2.1300.v20250331-1702;C:\Users\gomes\AppData\Local\Temp\jna-98537459

VM Arguments:
jvm_args: --add-modules=ALL-SYSTEM --add-opens=java.base/java.util=ALL-UNNAMED --add-opens=java.base/java.lang=ALL-UNNAMED --add-opens=java.base/sun.nio.fs=ALL-UNNAMED -Declipse.application=org.eclipse.jdt.ls.core.id1 -Dosgi.bundles.defaultStartLevel=4 -Declipse.product=org.eclipse.jdt.ls.core.product -Djava.import.generatesMetadataFilesAtProjectRoot=false -DDetectVMInstallationsJob.disabled=true -Dfile.encoding=utf8 -XX:+UseParallelGC -XX:GCTimeRatio=4 -XX:AdaptiveSizePolicyWeight=90 -Dsun.zip.disableMemoryMapping=true -Xmx1G -Xms100m -Xlog:disable -javaagent:c:\Users\gomes\.vscode\extensions\redhat.java-1.41.1-win32-x64\lombok\lombok-1.18.36.jar -XX:+HeapDumpOnOutOfMemoryError -XX:HeapDumpPath=c:\Users\gomes\AppData\Roaming\Code\User\workspaceStorage\2f152fc2f13cf7b26abc49ce27bebe52\redhat.java -Daether.dependencyCollector.impl=bf 
java_command: c:\Users\gomes\.vscode\extensions\redhat.java-1.41.1-win32-x64\server\plugins\org.eclipse.equinox.launcher_1.7.0.v20250331-1702.jar -configuration c:\Users\gomes\AppData\Roaming\Code\User\globalStorage\redhat.java\1.41.1\config_win -data c:\Users\gomes\AppData\Roaming\Code\User\workspaceStorage\2f152fc2f13cf7b26abc49ce27bebe52\redhat.java\jdt_ws --pipe=\\.\pipe\lsp-494530b83db29793241d35bf37cee66c-sock
java_class_path (initial): c:\Users\gomes\.vscode\extensions\redhat.java-1.41.1-win32-x64\server\plugins\org.eclipse.equinox.launcher_1.7.0.v20250331-1702.jar
Launcher Type: SUN_STANDARD

[Global flags]
    uintx AdaptiveSizePolicyWeight                 = 90                                        {product} {command line}
     intx CICompilerCount                          = 4                                         {product} {ergonomic}
    uintx GCTimeRatio                              = 4                                         {product} {command line}
     bool HeapDumpOnOutOfMemoryError               = true                                   {manageable} {command line}
    ccstr HeapDumpPath                             = c:\Users\gomes\AppData\Roaming\Code\User\workspaceStorage\2f152fc2f13cf7b26abc49ce27bebe52\redhat.java         {manageable} {command line}
   size_t InitialHeapSize                          = 104857600                                 {product} {command line}
   size_t MaxHeapSize                              = 1073741824                                {product} {command line}
   size_t MaxNewSize                               = 357564416                                 {product} {ergonomic}
   size_t MinHeapDeltaBytes                        = 524288                                    {product} {ergonomic}
   size_t MinHeapSize                              = 104857600                                 {product} {command line}
   size_t NewSize                                  = 34603008                                  {product} {ergonomic}
    uintx NonNMethodCodeHeapSize                   = 5839372                                {pd product} {ergonomic}
    uintx NonProfiledCodeHeapSize                  = 122909434                              {pd product} {ergonomic}
   size_t OldSize                                  = 70254592                                  {product} {ergonomic}
    uintx ProfiledCodeHeapSize                     = 122909434                              {pd product} {ergonomic}
    uintx ReservedCodeCacheSize                    = 251658240                              {pd product} {ergonomic}
     bool SegmentedCodeCache                       = true                                      {product} {ergonomic}
   size_t SoftMaxHeapSize                          = 1073741824                             {manageable} {ergonomic}
     bool UseCompressedOops                        = true                           {product lp64_product} {ergonomic}
     bool UseLargePagesIndividualAllocation        = false                                  {pd product} {ergonomic}
     bool UseParallelGC                            = true                                      {product} {command line}

Logging:
Log output configuration:
 #0: stdout all=off uptime,level,tags foldmultilines=false
 #1: stderr all=off uptime,level,tags foldmultilines=false

Environment Variables:
PATH=C:\Program Files\Common Files\Oracle\Java\javapath;C:\Windows\system32;C:\Windows;C:\Windows\System32\Wbem;C:\Windows\System32\WindowsPowerShell\v1.0\;C:\Windows\System32\OpenSSH\;C:\Program Files\NVIDIA Corporation\NVIDIA NvDLISR;C:\Program Files\dotnet\;C:\Program Files (x86)\dotnet\;C:\WINDOWS\system32;C:\WINDOWS;C:\WINDOWS\System32\Wbem;C:\WINDOWS\System32\WindowsPowerShell\v1.0\;C:\WINDOWS\System32\OpenSSH\;C:\Program Files\Microsoft SQL Server\150\Tools\Binn\;C:\Users\gomes\Downloads\src\flutter\bin;C:\Users\gomes\Downloads\src\flutter\bin;E:\nodeJS\;C:\Program Files\Git\cmd;D:\mathlab\runtime\win64;D:\mathlab\bin;D:\mathlab\polyspace\bin;C:\Users\gomes\AppData\Local\Microsoft\WindowsApps;C:\Users\gomes\AppData\Local\Programs\Microsoft VS Code\bin;C:\MinGW\bin\;C:\Users\gomes\AppData\Roaming\npm;C:\Users\gomes\AppData\Local\GitHubDesktop\bin
USERNAME=gomes
OS=Windows_NT
PROCESSOR_IDENTIFIER=Intel64 Family 6 Model 140 Stepping 1, GenuineIntel
TMP=C:\Users\gomes\AppData\Local\Temp
TEMP=C:\Users\gomes\AppData\Local\Temp




Periodic native trim disabled

---------------  S Y S T E M  ---------------

OS:
 Windows 11 , 64 bit Build 22621 (10.0.22621.5124)
OS uptime: 13 days 3:10 hours

CPU: total 8 (initial active 8) (4 cores per cpu, 2 threads per core) family 6 model 140 stepping 1 microcode 0xba, cx8, cmov, fxsr, ht, mmx, 3dnowpref, sse, sse2, sse3, ssse3, sse4.1, sse4.2, popcnt, lzcnt, tsc, tscinvbit, avx, avx2, aes, erms, clmul, bmi1, bmi2, adx, avx512f, avx512dq, avx512cd, avx512bw, avx512vl, sha, fma, vzeroupper, avx512_vpopcntdq, avx512_vpclmulqdq, avx512_vaes, avx512_vnni, clflush, clflushopt, clwb, avx512_vbmi2, avx512_vbmi, rdtscp, rdpid, fsrm, gfni, avx512_bitalg, f16c, pku, cet_ibt, cet_ss, avx512_ifma
Processor Information for the first 8 processors :
  Max Mhz: 2419, Current Mhz: 2419, Mhz Limit: 2419

Memory: 4k page, system-wide physical 12022M (444M free)
TotalPageFile size 22094M (AvailPageFile size 5M)
current process WorkingSet (physical memory assigned to process): 406M, peak: 406M
current process commit charge ("private bytes"): 403M, peak: 952M

vm_info: OpenJDK 64-Bit Server VM (21.0.6+7-LTS) for windows-amd64 JRE (21.0.6+7-LTS), built on 2025-01-21T00:00:00Z by "admin" with MS VC++ 17.7 (VS2022)

END.
