#
# There is insufficient memory for the Java Runtime Environment to continue.
# Native memory allocation (malloc) failed to allocate 907216 bytes. Error detail: Chunk::new
# Possible reasons:
#   The system is out of physical RAM or swap space
#   This process is running with CompressedOops enabled, and the Java Heap may be blocking the growth of the native heap
# Possible solutions:
#   Reduce memory load on the system
#   Increase physical memory or swap space
#   Check if swap backing store is full
#   Decrease Java heap size (-Xmx/-Xms)
#   Decrease number of Java threads
#   Decrease Java thread stack sizes (-Xss)
#   Set larger code cache with -XX:ReservedCodeCacheSize=
#   JVM is running with Unscaled Compressed Oops mode in which the Java heap is
#     placed in the first 4GB address space. The Java Heap base address is the
#     maximum limit for the native heap growth. Please use -XX:HeapBaseMinAddress
#     to set the Java Heap base and to place the Java Heap above 4GB virtual address.
# This output file may be truncated or incomplete.
#
#  Out of Memory Error (arena.cpp:168), pid=11824, tid=9416
#
# JRE version: OpenJDK Runtime Environment Temurin-21.0.6+7 (21.0.6+7) (build 21.0.6+7-LTS)
# Java VM: OpenJDK 64-Bit Server VM Temurin-21.0.6+7 (21.0.6+7-LTS, mixed mode, sharing, tiered, compressed oops, compressed class ptrs, parallel gc, windows-amd64)
# No core dump will be written. Minidumps are not enabled by default on client versions of Windows
#

---------------  S U M M A R Y ------------

Command Line: --add-modules=ALL-SYSTEM --add-opens=java.base/java.util=ALL-UNNAMED --add-opens=java.base/java.lang=ALL-UNNAMED --add-opens=java.base/sun.nio.fs=ALL-UNNAMED -Declipse.application=org.eclipse.jdt.ls.core.id1 -Dosgi.bundles.defaultStartLevel=4 -Declipse.product=org.eclipse.jdt.ls.core.product -Djava.import.generatesMetadataFilesAtProjectRoot=false -DDetectVMInstallationsJob.disabled=true -Dfile.encoding=utf8 -XX:+UseParallelGC -XX:GCTimeRatio=4 -XX:AdaptiveSizePolicyWeight=90 -Dsun.zip.disableMemoryMapping=true -Xmx1G -Xms100m -Xlog:disable -javaagent:c:\Users\gomes\.vscode\extensions\redhat.java-1.41.1-win32-x64\lombok\lombok-1.18.36.jar c:\Users\gomes\.vscode\extensions\redhat.java-1.41.1-win32-x64\server\plugins\org.eclipse.equinox.launcher_1.7.0.v20250331-1702.jar -configuration c:\Users\gomes\AppData\Roaming\Code\User\globalStorage\redhat.java\1.41.1\config_ss_win -data c:\Users\gomes\AppData\Roaming\Code\User\workspaceStorage\2f152fc2f13cf7b26abc49ce27bebe52\redhat.java\ss_ws --pipe=\\.\pipe\lsp-ea8ad67a41dd692b1f6d2057122616a4-sock

Host: 11th Gen Intel(R) Core(TM) i5-1135G7 @ 2.40GHz, 8 cores, 11G,  Windows 11 , 64 bit Build 22621 (10.0.22621.5124)
Time: Tue Apr 22 23:48:38 2025 Sri Lanka Standard Time elapsed time: 7.247532 seconds (0d 0h 0m 7s)

---------------  T H R E A D  ---------------

Current thread (0x000002082396fa10):  JavaThread "C2 CompilerThread0" daemon [_thread_in_native, id=9416, stack(0x000000d548000000,0x000000d548100000) (1024K)]


Current CompileTask:
C2:7247 2788       4       java.lang.invoke.MethodType::makeImpl (109 bytes)

Stack: [0x000000d548000000,0x000000d548100000]
Native frames: (J=compiled Java code, j=interpreted, Vv=VM code, C=native code)
V  [jvm.dll+0x6cdee9]
V  [jvm.dll+0x8a83d1]
V  [jvm.dll+0x8aa8fe]
V  [jvm.dll+0x8aafe3]
V  [jvm.dll+0x27f706]
V  [jvm.dll+0xc500d]
V  [jvm.dll+0xc5543]
V  [jvm.dll+0x2f2acd]
V  [jvm.dll+0x5f6a2a]
V  [jvm.dll+0x250bb2]
V  [jvm.dll+0x24965f]
V  [jvm.dll+0x246ec4]
V  [jvm.dll+0x1c75ee]
V  [jvm.dll+0x25685a]
V  [jvm.dll+0x254dfa]
V  [jvm.dll+0x3f0256]
V  [jvm.dll+0x851f8b]
V  [jvm.dll+0x6cc5ed]
C  [ucrtbase.dll+0x29333]
C  [KERNEL32.DLL+0x1259d]
C  [ntdll.dll+0x5af38]


---------------  P R O C E S S  ---------------

Threads class SMR info:
_java_thread_list=0x000002086b3c0db0, length=21, elements={
0x000002080f5b0d20, 0x000002082395f850, 0x00000208239609b0, 0x0000020823967750,
0x0000020823968b60, 0x0000020823969b60, 0x000002082396cbd0, 0x000002082396fa10,
0x0000020823997f70, 0x00000208663e5f70, 0x0000020866518850, 0x0000020866bb9010,
0x0000020866a59640, 0x00000208668a4650, 0x00000208664161b0, 0x0000020866531670,
0x00000208666642c0, 0x00000208669bbbb0, 0x000002086b12c630, 0x000002086b1781a0,
0x000002086b16d560
}

Java Threads: ( => current thread )
  0x000002080f5b0d20 JavaThread "main"                              [_thread_blocked, id=4480, stack(0x000000d547600000,0x000000d547700000) (1024K)]
  0x000002082395f850 JavaThread "Reference Handler"          daemon [_thread_blocked, id=12676, stack(0x000000d547a00000,0x000000d547b00000) (1024K)]
  0x00000208239609b0 JavaThread "Finalizer"                  daemon [_thread_blocked, id=6888, stack(0x000000d547b00000,0x000000d547c00000) (1024K)]
  0x0000020823967750 JavaThread "Signal Dispatcher"          daemon [_thread_blocked, id=10552, stack(0x000000d547c00000,0x000000d547d00000) (1024K)]
  0x0000020823968b60 JavaThread "Attach Listener"            daemon [_thread_blocked, id=6832, stack(0x000000d547d00000,0x000000d547e00000) (1024K)]
  0x0000020823969b60 JavaThread "Service Thread"             daemon [_thread_blocked, id=7316, stack(0x000000d547e00000,0x000000d547f00000) (1024K)]
  0x000002082396cbd0 JavaThread "Monitor Deflation Thread"   daemon [_thread_blocked, id=12872, stack(0x000000d547f00000,0x000000d548000000) (1024K)]
=>0x000002082396fa10 JavaThread "C2 CompilerThread0"         daemon [_thread_in_native, id=9416, stack(0x000000d548000000,0x000000d548100000) (1024K)]
  0x0000020823997f70 JavaThread "C1 CompilerThread0"         daemon [_thread_blocked, id=7488, stack(0x000000d548100000,0x000000d548200000) (1024K)]
  0x00000208663e5f70 JavaThread "Common-Cleaner"             daemon [_thread_blocked, id=6284, stack(0x000000d548200000,0x000000d548300000) (1024K)]
  0x0000020866518850 JavaThread "Notification Thread"        daemon [_thread_blocked, id=20640, stack(0x000000d548400000,0x000000d548500000) (1024K)]
  0x0000020866bb9010 JavaThread "Active Thread: Equinox Container: 7f30aeba-5845-4ee8-ab61-53d0f9e58352"        [_thread_blocked, id=22620, stack(0x000000d548c00000,0x000000d548d00000) (1024K)]
  0x0000020866a59640 JavaThread "Framework Event Dispatcher: Equinox Container: 7f30aeba-5845-4ee8-ab61-53d0f9e58352" daemon [_thread_blocked, id=10964, stack(0x000000d548300000,0x000000d548400000) (1024K)]
  0x00000208668a4650 JavaThread "Start Level: Equinox Container: 7f30aeba-5845-4ee8-ab61-53d0f9e58352" daemon [_thread_in_vm, id=14220, stack(0x000000d548500000,0x000000d548600000) (1024K)]
  0x00000208664161b0 JavaThread "SCR Component Actor"        daemon [_thread_blocked, id=8584, stack(0x000000d548d00000,0x000000d548e00000) (1024K)]
  0x0000020866531670 JavaThread "SCR Component Registry"     daemon [_thread_blocked, id=21484, stack(0x000000d548f00000,0x000000d549000000) (1024K)]
  0x00000208666642c0 JavaThread "Worker-JM"                         [_thread_blocked, id=15520, stack(0x000000d549200000,0x000000d549300000) (1024K)]
  0x00000208669bbbb0 JavaThread "JNA Cleaner"                daemon [_thread_blocked, id=8064, stack(0x000000d549000000,0x000000d549100000) (1024K)]
  0x000002086b12c630 JavaThread "Worker-0"                          [_thread_blocked, id=8556, stack(0x000000d549100000,0x000000d549200000) (1024K)]
  0x000002086b1781a0 JavaThread "Worker-1"                          [_thread_blocked, id=21532, stack(0x000000d549300000,0x000000d549400000) (1024K)]
  0x000002086b16d560 JavaThread "C2 CompilerThread1"         daemon [_thread_in_native, id=22444, stack(0x000000d549400000,0x000000d549500000) (1024K)]
Total: 21

Other Threads:
  0x0000020823942680 VMThread "VM Thread"                           [id=12876, stack(0x000000d547900000,0x000000d547a00000) (1024K)]
  0x000002080f61dd60 WatcherThread "VM Periodic Task Thread"        [id=14808, stack(0x000000d547800000,0x000000d547900000) (1024K)]
  0x000002080f5d0ba0 WorkerThread "GC Thread#0"                     [id=20228, stack(0x000000d547700000,0x000000d547800000) (1024K)]
  0x0000020866aa07d0 WorkerThread "GC Thread#1"                     [id=10352, stack(0x000000d548600000,0x000000d548700000) (1024K)]
  0x00000208669ed5f0 WorkerThread "GC Thread#2"                     [id=23076, stack(0x000000d548700000,0x000000d548800000) (1024K)]
  0x0000020866af1cd0 WorkerThread "GC Thread#3"                     [id=9684, stack(0x000000d548800000,0x000000d548900000) (1024K)]
  0x0000020866af2070 WorkerThread "GC Thread#4"                     [id=1552, stack(0x000000d548900000,0x000000d548a00000) (1024K)]
  0x0000020866d4fa20 WorkerThread "GC Thread#5"                     [id=16460, stack(0x000000d548a00000,0x000000d548b00000) (1024K)]
  0x0000020866d4fdc0 WorkerThread "GC Thread#6"                     [id=7352, stack(0x000000d548b00000,0x000000d548c00000) (1024K)]
  0x0000020866ac1480 WorkerThread "GC Thread#7"                     [id=23292, stack(0x000000d548e00000,0x000000d548f00000) (1024K)]
Total: 10

Threads with active compile tasks:
C2 CompilerThread0  7267 2788       4       java.lang.invoke.MethodType::makeImpl (109 bytes)
C2 CompilerThread1  7267 2656       4       org.lombokweb.asm.ClassReader::readMethod (1070 bytes)
Total: 2

VM state: not at safepoint (normal execution)

VM Mutex/Monitor currently owned by a thread: None

Heap address: 0x00000000c0000000, size: 1024 MB, Compressed Oops mode: 32-bit

CDS archive(s) mapped at: [0x0000020824000000-0x0000020824ba0000-0x0000020824ba0000), size 12189696, SharedBaseAddress: 0x0000020824000000, ArchiveRelocationMode: 1.
Compressed class space mapped at: 0x0000020825000000-0x0000020865000000, reserved size: 1073741824
Narrow klass base: 0x0000020824000000, Narrow klass shift: 0, Narrow klass range: 0x100000000

GC Precious Log:
 CardTable entry size: 512
 CPUs: 8 total, 8 available
 Memory: 12022M
 Large Page Support: Disabled
 NUMA Support: Disabled
 Compressed Oops: Enabled (32-bit)
 Alignments: Space 512K, Generation 512K, Heap 2M
 Heap Min Capacity: 100M
 Heap Initial Capacity: 100M
 Heap Max Capacity: 1G
 Pre-touch: Disabled
 Parallel Workers: 8

Heap:
 PSYoungGen      total 27648K, used 5043K [0x00000000eab00000, 0x00000000eca00000, 0x0000000100000000)
  eden space 24576K, 9% used [0x00000000eab00000,0x00000000ead2e898,0x00000000ec300000)
  from space 3072K, 91% used [0x00000000ec400000,0x00000000ec6be4f8,0x00000000ec700000)
  to   space 3072K, 0% used [0x00000000ec700000,0x00000000ec700000,0x00000000eca00000)
 ParOldGen       total 68608K, used 8325K [0x00000000c0000000, 0x00000000c4300000, 0x00000000eab00000)
  object space 68608K, 12% used [0x00000000c0000000,0x00000000c08215b8,0x00000000c4300000)
 Metaspace       used 23085K, committed 23744K, reserved 1114112K
  class space    used 2144K, committed 2432K, reserved 1048576K

Card table byte_map: [0x000002080ef50000,0x000002080f160000] _byte_map_base: 0x000002080e950000

Marking Bits: (ParMarkBitMap*) 0x00007ffaa9a13260
 Begin Bits: [0x00000208217a0000, 0x00000208227a0000)
 End Bits:   [0x00000208227a0000, 0x00000208237a0000)

Polling page: 0x000002080d410000

Metaspace:

Usage:
  Non-class:     20.45 MB used.
      Class:      2.09 MB used.
       Both:     22.55 MB used.

Virtual space:
  Non-class space:       64.00 MB reserved,      20.81 MB ( 33%) committed,  1 nodes.
      Class space:        1.00 GB reserved,       2.38 MB ( <1%) committed,  1 nodes.
             Both:        1.06 GB reserved,      23.19 MB (  2%) committed. 

Chunk freelists:
   Non-Class:  10.26 MB
       Class:  13.47 MB
        Both:  23.73 MB

MaxMetaspaceSize: unlimited
CompressedClassSpaceSize: 1.00 GB
Initial GC threshold: 21.00 MB
Current GC threshold: 35.00 MB
CDS: on
 - commit_granule_bytes: 65536.
 - commit_granule_words: 8192.
 - virtual_space_node_default_size: 8388608.
 - enlarge_chunks_in_place: 1.
 - use_allocation_guard: 0.


Internal statistics:

num_allocs_failed_limit: 3.
num_arena_births: 512.
num_arena_deaths: 14.
num_vsnodes_births: 2.
num_vsnodes_deaths: 0.
num_space_committed: 371.
num_space_uncommitted: 0.
num_chunks_returned_to_freelist: 17.
num_chunks_taken_from_freelist: 1356.
num_chunk_merges: 9.
num_chunk_splits: 912.
num_chunks_enlarged: 599.
num_inconsistent_stats: 0.

CodeHeap 'non-profiled nmethods': size=120000Kb used=1213Kb max_used=1213Kb free=118786Kb
 bounds [0x000002081a270000, 0x000002081a4e0000, 0x00000208217a0000]
CodeHeap 'profiled nmethods': size=120000Kb used=5838Kb max_used=5838Kb free=114161Kb
 bounds [0x00000208127a0000, 0x0000020812d60000, 0x0000020819cd0000]
CodeHeap 'non-nmethods': size=5760Kb used=1329Kb max_used=1344Kb free=4430Kb
 bounds [0x0000020819cd0000, 0x0000020819f40000, 0x000002081a270000]
 total_blobs=3499 nmethods=2895 adapters=510
 compilation: enabled
              stopped_count=0, restarted_count=0
 full_count=0

Compilation events (20 events):
Event: 7.235 Thread 0x0000020823997f70 2894       3       java.lang.Character::toUpperCase (6 bytes)
Event: 7.235 Thread 0x0000020823997f70 nmethod 2894 0x0000020812d45310 code [0x0000020812d454e0, 0x0000020812d45738]
Event: 7.235 Thread 0x0000020823997f70 2895       3       java.lang.Character::toUpperCase (9 bytes)
Event: 7.236 Thread 0x0000020823997f70 nmethod 2895 0x0000020812d45810 code [0x0000020812d459c0, 0x0000020812d45bb8]
Event: 7.236 Thread 0x0000020823997f70 2877       3       sun.util.locale.LocaleUtils::isEmpty (19 bytes)
Event: 7.236 Thread 0x0000020823997f70 nmethod 2877 0x0000020812d45c90 code [0x0000020812d45e40, 0x0000020812d46078]
Event: 7.236 Thread 0x0000020823997f70 2878       3       sun.util.locale.InternalLocaleBuilder::getBaseLocale (187 bytes)
Event: 7.237 Thread 0x0000020823997f70 nmethod 2878 0x0000020812d46110 code [0x0000020812d46440, 0x0000020812d473d8]
Event: 7.237 Thread 0x0000020823997f70 2882       3       sun.util.locale.LanguageTag::parseExtlangs (114 bytes)
Event: 7.238 Thread 0x0000020823997f70 nmethod 2882 0x0000020812d47a90 code [0x0000020812d47d00, 0x0000020812d48738]
Event: 7.238 Thread 0x0000020823997f70 2883       3       sun.util.locale.LanguageTag::parseScript (55 bytes)
Event: 7.238 Thread 0x0000020823997f70 nmethod 2883 0x0000020812d48a90 code [0x0000020812d48ca0, 0x0000020812d49238]
Event: 7.238 Thread 0x0000020823997f70 2884       3       sun.util.locale.LanguageTag::parseRegion (55 bytes)
Event: 7.239 Thread 0x0000020823997f70 nmethod 2884 0x0000020812d49490 code [0x0000020812d49660, 0x0000020812d49a08]
Event: 7.239 Thread 0x0000020823997f70 2886       3       sun.util.locale.LanguageTag::parseExtensions (208 bytes)
Event: 7.240 Thread 0x0000020823997f70 nmethod 2886 0x0000020812d49b90 code [0x0000020812d49f60, 0x0000020812d4b5b8]
Event: 7.240 Thread 0x0000020823997f70 2851       3       sun.util.locale.BaseLocale::convertOldISOCodes (238 bytes)
Event: 7.241 Thread 0x0000020823997f70 nmethod 2851 0x0000020812d4be90 code [0x0000020812d4c0c0, 0x0000020812d4c758]
Event: 7.241 Thread 0x0000020823997f70 2871       3       sun.util.locale.LanguageTag::isExtlang (21 bytes)
Event: 7.242 Thread 0x0000020823997f70 nmethod 2871 0x0000020812d4c890 code [0x0000020812d4cae0, 0x0000020812d4d510]

GC Heap History (16 events):
Event: 0.829 GC heap before
{Heap before GC invocations=1 (full 0):
 PSYoungGen      total 29696K, used 25600K [0x00000000eab00000, 0x00000000ecc00000, 0x0000000100000000)
  eden space 25600K, 100% used [0x00000000eab00000,0x00000000ec400000,0x00000000ec400000)
  from space 4096K, 0% used [0x00000000ec800000,0x00000000ec800000,0x00000000ecc00000)
  to   space 4096K, 0% used [0x00000000ec400000,0x00000000ec400000,0x00000000ec800000)
 ParOldGen       total 68608K, used 0K [0x00000000c0000000, 0x00000000c4300000, 0x00000000eab00000)
  object space 68608K, 0% used [0x00000000c0000000,0x00000000c0000000,0x00000000c4300000)
 Metaspace       used 4328K, committed 4480K, reserved 1114112K
  class space    used 438K, committed 512K, reserved 1048576K
}
Event: 0.846 GC heap after
{Heap after GC invocations=1 (full 0):
 PSYoungGen      total 29696K, used 3237K [0x00000000eab00000, 0x00000000ecc00000, 0x0000000100000000)
  eden space 25600K, 0% used [0x00000000eab00000,0x00000000eab00000,0x00000000ec400000)
  from space 4096K, 79% used [0x00000000ec400000,0x00000000ec7297f0,0x00000000ec800000)
  to   space 4096K, 0% used [0x00000000ec800000,0x00000000ec800000,0x00000000ecc00000)
 ParOldGen       total 68608K, used 16K [0x00000000c0000000, 0x00000000c4300000, 0x00000000eab00000)
  object space 68608K, 0% used [0x00000000c0000000,0x00000000c0004000,0x00000000c4300000)
 Metaspace       used 4328K, committed 4480K, reserved 1114112K
  class space    used 438K, committed 512K, reserved 1048576K
}
Event: 5.717 GC heap before
{Heap before GC invocations=2 (full 0):
 PSYoungGen      total 29696K, used 28837K [0x00000000eab00000, 0x00000000ecc00000, 0x0000000100000000)
  eden space 25600K, 100% used [0x00000000eab00000,0x00000000ec400000,0x00000000ec400000)
  from space 4096K, 79% used [0x00000000ec400000,0x00000000ec7297f0,0x00000000ec800000)
  to   space 4096K, 0% used [0x00000000ec800000,0x00000000ec800000,0x00000000ecc00000)
 ParOldGen       total 68608K, used 16K [0x00000000c0000000, 0x00000000c4300000, 0x00000000eab00000)
  object space 68608K, 0% used [0x00000000c0000000,0x00000000c0004000,0x00000000c4300000)
 Metaspace       used 8219K, committed 8512K, reserved 1114112K
  class space    used 817K, committed 960K, reserved 1048576K
}
Event: 5.721 GC heap after
{Heap after GC invocations=2 (full 0):
 PSYoungGen      total 29696K, used 4084K [0x00000000eab00000, 0x00000000ecc00000, 0x0000000100000000)
  eden space 25600K, 0% used [0x00000000eab00000,0x00000000eab00000,0x00000000ec400000)
  from space 4096K, 99% used [0x00000000ec800000,0x00000000ecbfd168,0x00000000ecc00000)
  to   space 4096K, 0% used [0x00000000ec400000,0x00000000ec400000,0x00000000ec800000)
 ParOldGen       total 68608K, used 873K [0x00000000c0000000, 0x00000000c4300000, 0x00000000eab00000)
  object space 68608K, 1% used [0x00000000c0000000,0x00000000c00da6a8,0x00000000c4300000)
 Metaspace       used 8219K, committed 8512K, reserved 1114112K
  class space    used 817K, committed 960K, reserved 1048576K
}
Event: 6.191 GC heap before
{Heap before GC invocations=3 (full 0):
 PSYoungGen      total 29696K, used 29684K [0x00000000eab00000, 0x00000000ecc00000, 0x0000000100000000)
  eden space 25600K, 100% used [0x00000000eab00000,0x00000000ec400000,0x00000000ec400000)
  from space 4096K, 99% used [0x00000000ec800000,0x00000000ecbfd168,0x00000000ecc00000)
  to   space 4096K, 0% used [0x00000000ec400000,0x00000000ec400000,0x00000000ec800000)
 ParOldGen       total 68608K, used 873K [0x00000000c0000000, 0x00000000c4300000, 0x00000000eab00000)
  object space 68608K, 1% used [0x00000000c0000000,0x00000000c00da6a8,0x00000000c4300000)
 Metaspace       used 12970K, committed 13504K, reserved 1114112K
  class space    used 1308K, committed 1536K, reserved 1048576K
}
Event: 6.195 GC heap after
{Heap after GC invocations=3 (full 0):
 PSYoungGen      total 29696K, used 4083K [0x00000000eab00000, 0x00000000ecc00000, 0x0000000100000000)
  eden space 25600K, 0% used [0x00000000eab00000,0x00000000eab00000,0x00000000ec400000)
  from space 4096K, 99% used [0x00000000ec400000,0x00000000ec7fcea8,0x00000000ec800000)
  to   space 4096K, 0% used [0x00000000ec800000,0x00000000ec800000,0x00000000ecc00000)
 ParOldGen       total 68608K, used 2741K [0x00000000c0000000, 0x00000000c4300000, 0x00000000eab00000)
  object space 68608K, 3% used [0x00000000c0000000,0x00000000c02ad738,0x00000000c4300000)
 Metaspace       used 12970K, committed 13504K, reserved 1114112K
  class space    used 1308K, committed 1536K, reserved 1048576K
}
Event: 6.691 GC heap before
{Heap before GC invocations=4 (full 0):
 PSYoungGen      total 29696K, used 29523K [0x00000000eab00000, 0x00000000ecc00000, 0x0000000100000000)
  eden space 25600K, 99% used [0x00000000eab00000,0x00000000ec3d7d60,0x00000000ec400000)
  from space 4096K, 99% used [0x00000000ec400000,0x00000000ec7fcea8,0x00000000ec800000)
  to   space 4096K, 0% used [0x00000000ec800000,0x00000000ec800000,0x00000000ecc00000)
 ParOldGen       total 68608K, used 2741K [0x00000000c0000000, 0x00000000c4300000, 0x00000000eab00000)
  object space 68608K, 3% used [0x00000000c0000000,0x00000000c02ad738,0x00000000c4300000)
 Metaspace       used 17008K, committed 17664K, reserved 1114112K
  class space    used 1706K, committed 1984K, reserved 1048576K
}
Event: 6.696 GC heap after
{Heap after GC invocations=4 (full 0):
 PSYoungGen      total 29696K, used 4094K [0x00000000eab00000, 0x00000000ecc00000, 0x0000000100000000)
  eden space 25600K, 0% used [0x00000000eab00000,0x00000000eab00000,0x00000000ec400000)
  from space 4096K, 99% used [0x00000000ec800000,0x00000000ecbffa90,0x00000000ecc00000)
  to   space 4096K, 0% used [0x00000000ec400000,0x00000000ec400000,0x00000000ec800000)
 ParOldGen       total 68608K, used 5670K [0x00000000c0000000, 0x00000000c4300000, 0x00000000eab00000)
  object space 68608K, 8% used [0x00000000c0000000,0x00000000c05898f0,0x00000000c4300000)
 Metaspace       used 17008K, committed 17664K, reserved 1114112K
  class space    used 1706K, committed 1984K, reserved 1048576K
}
Event: 6.903 GC heap before
{Heap before GC invocations=5 (full 0):
 PSYoungGen      total 29696K, used 29508K [0x00000000eab00000, 0x00000000ecc00000, 0x0000000100000000)
  eden space 25600K, 99% used [0x00000000eab00000,0x00000000ec3d1698,0x00000000ec400000)
  from space 4096K, 99% used [0x00000000ec800000,0x00000000ecbffa90,0x00000000ecc00000)
  to   space 4096K, 0% used [0x00000000ec400000,0x00000000ec400000,0x00000000ec800000)
 ParOldGen       total 68608K, used 5670K [0x00000000c0000000, 0x00000000c4300000, 0x00000000eab00000)
  object space 68608K, 8% used [0x00000000c0000000,0x00000000c05898f0,0x00000000c4300000)
 Metaspace       used 20380K, committed 21056K, reserved 1114112K
  class space    used 1946K, committed 2240K, reserved 1048576K
}
Event: 6.906 GC heap after
{Heap after GC invocations=5 (full 0):
 PSYoungGen      total 29184K, used 4066K [0x00000000eab00000, 0x00000000ece80000, 0x0000000100000000)
  eden space 25088K, 0% used [0x00000000eab00000,0x00000000eab00000,0x00000000ec380000)
  from space 4096K, 99% used [0x00000000ec400000,0x00000000ec7f8af0,0x00000000ec800000)
  to   space 5632K, 0% used [0x00000000ec900000,0x00000000ec900000,0x00000000ece80000)
 ParOldGen       total 68608K, used 5873K [0x00000000c0000000, 0x00000000c4300000, 0x00000000eab00000)
  object space 68608K, 8% used [0x00000000c0000000,0x00000000c05bc480,0x00000000c4300000)
 Metaspace       used 20380K, committed 21056K, reserved 1114112K
  class space    used 1946K, committed 2240K, reserved 1048576K
}
Event: 6.925 GC heap before
{Heap before GC invocations=6 (full 0):
 PSYoungGen      total 29184K, used 9141K [0x00000000eab00000, 0x00000000ece80000, 0x0000000100000000)
  eden space 25088K, 20% used [0x00000000eab00000,0x00000000eaff4c78,0x00000000ec380000)
  from space 4096K, 99% used [0x00000000ec400000,0x00000000ec7f8af0,0x00000000ec800000)
  to   space 5632K, 0% used [0x00000000ec900000,0x00000000ec900000,0x00000000ece80000)
 ParOldGen       total 68608K, used 5873K [0x00000000c0000000, 0x00000000c4300000, 0x00000000eab00000)
  object space 68608K, 8% used [0x00000000c0000000,0x00000000c05bc480,0x00000000c4300000)
 Metaspace       used 20897K, committed 21504K, reserved 1114112K
  class space    used 1976K, committed 2240K, reserved 1048576K
}
Event: 6.928 GC heap after
{Heap after GC invocations=6 (full 0):
 PSYoungGen      total 29184K, used 4077K [0x00000000eab00000, 0x00000000ecd00000, 0x0000000100000000)
  eden space 25088K, 0% used [0x00000000eab00000,0x00000000eab00000,0x00000000ec380000)
  from space 4096K, 99% used [0x00000000ec900000,0x00000000eccfb5b0,0x00000000ecd00000)
  to   space 4608K, 0% used [0x00000000ec400000,0x00000000ec400000,0x00000000ec880000)
 ParOldGen       total 68608K, used 5873K [0x00000000c0000000, 0x00000000c4300000, 0x00000000eab00000)
  object space 68608K, 8% used [0x00000000c0000000,0x00000000c05bc480,0x00000000c4300000)
 Metaspace       used 20897K, committed 21504K, reserved 1114112K
  class space    used 1976K, committed 2240K, reserved 1048576K
}
Event: 6.928 GC heap before
{Heap before GC invocations=7 (full 1):
 PSYoungGen      total 29184K, used 4077K [0x00000000eab00000, 0x00000000ecd00000, 0x0000000100000000)
  eden space 25088K, 0% used [0x00000000eab00000,0x00000000eab00000,0x00000000ec380000)
  from space 4096K, 99% used [0x00000000ec900000,0x00000000eccfb5b0,0x00000000ecd00000)
  to   space 4608K, 0% used [0x00000000ec400000,0x00000000ec400000,0x00000000ec880000)
 ParOldGen       total 68608K, used 5873K [0x00000000c0000000, 0x00000000c4300000, 0x00000000eab00000)
  object space 68608K, 8% used [0x00000000c0000000,0x00000000c05bc480,0x00000000c4300000)
 Metaspace       used 20897K, committed 21504K, reserved 1114112K
  class space    used 1976K, committed 2240K, reserved 1048576K
}
Event: 6.952 GC heap after
{Heap after GC invocations=7 (full 1):
 PSYoungGen      total 29184K, used 0K [0x00000000eab00000, 0x00000000ecd00000, 0x0000000100000000)
  eden space 25088K, 0% used [0x00000000eab00000,0x00000000eab00000,0x00000000ec380000)
  from space 4096K, 0% used [0x00000000ec900000,0x00000000ec900000,0x00000000ecd00000)
  to   space 4608K, 0% used [0x00000000ec400000,0x00000000ec400000,0x00000000ec880000)
 ParOldGen       total 68608K, used 8317K [0x00000000c0000000, 0x00000000c4300000, 0x00000000eab00000)
  object space 68608K, 12% used [0x00000000c0000000,0x00000000c081f5b8,0x00000000c4300000)
 Metaspace       used 20884K, committed 21504K, reserved 1114112K
  class space    used 1973K, committed 2240K, reserved 1048576K
}
Event: 7.214 GC heap before
{Heap before GC invocations=8 (full 1):
 PSYoungGen      total 29184K, used 25088K [0x00000000eab00000, 0x00000000ecd00000, 0x0000000100000000)
  eden space 25088K, 100% used [0x00000000eab00000,0x00000000ec380000,0x00000000ec380000)
  from space 4096K, 0% used [0x00000000ec900000,0x00000000ec900000,0x00000000ecd00000)
  to   space 4608K, 0% used [0x00000000ec400000,0x00000000ec400000,0x00000000ec880000)
 ParOldGen       total 68608K, used 8317K [0x00000000c0000000, 0x00000000c4300000, 0x00000000eab00000)
  object space 68608K, 12% used [0x00000000c0000000,0x00000000c081f5b8,0x00000000c4300000)
 Metaspace       used 22772K, committed 23488K, reserved 1114112K
  class space    used 2116K, committed 2432K, reserved 1048576K
}
Event: 7.216 GC heap after
{Heap after GC invocations=8 (full 1):
 PSYoungGen      total 27648K, used 2809K [0x00000000eab00000, 0x00000000eca00000, 0x0000000100000000)
  eden space 24576K, 0% used [0x00000000eab00000,0x00000000eab00000,0x00000000ec300000)
  from space 3072K, 91% used [0x00000000ec400000,0x00000000ec6be4f8,0x00000000ec700000)
  to   space 3072K, 0% used [0x00000000ec700000,0x00000000ec700000,0x00000000eca00000)
 ParOldGen       total 68608K, used 8325K [0x00000000c0000000, 0x00000000c4300000, 0x00000000eab00000)
  object space 68608K, 12% used [0x00000000c0000000,0x00000000c08215b8,0x00000000c4300000)
 Metaspace       used 22772K, committed 23488K, reserved 1114112K
  class space    used 2116K, committed 2432K, reserved 1048576K
}

Dll operation events (10 events):
Event: 0.040 Loaded shared library c:\Users\gomes\.vscode\extensions\redhat.java-1.41.1-win32-x64\jre\21.0.6-win32-x86_64\bin\java.dll
Event: 0.122 Loaded shared library c:\Users\gomes\.vscode\extensions\redhat.java-1.41.1-win32-x64\jre\21.0.6-win32-x86_64\bin\zip.dll
Event: 0.143 Loaded shared library C:\Users\gomes\.vscode\extensions\redhat.java-1.41.1-win32-x64\jre\21.0.6-win32-x86_64\bin\instrument.dll
Event: 0.148 Loaded shared library C:\Users\gomes\.vscode\extensions\redhat.java-1.41.1-win32-x64\jre\21.0.6-win32-x86_64\bin\net.dll
Event: 0.151 Loaded shared library C:\Users\gomes\.vscode\extensions\redhat.java-1.41.1-win32-x64\jre\21.0.6-win32-x86_64\bin\nio.dll
Event: 0.154 Loaded shared library C:\Users\gomes\.vscode\extensions\redhat.java-1.41.1-win32-x64\jre\21.0.6-win32-x86_64\bin\zip.dll
Event: 0.171 Loaded shared library C:\Users\gomes\.vscode\extensions\redhat.java-1.41.1-win32-x64\jre\21.0.6-win32-x86_64\bin\jimage.dll
Event: 0.241 Loaded shared library c:\Users\gomes\.vscode\extensions\redhat.java-1.41.1-win32-x64\jre\21.0.6-win32-x86_64\bin\verify.dll
Event: 5.675 Loaded shared library C:\Users\gomes\AppData\Roaming\Code\User\globalStorage\redhat.java\1.41.1\config_ss_win\org.eclipse.equinox.launcher\org.eclipse.equinox.launcher.win32.win32.x86_64_1.2.1300.v20250331-1702\eclipse_11911.dll
Event: 6.482 Loaded shared library C:\Users\gomes\AppData\Local\Temp\jna-98537459\jna4069783136385841893.dll

Deoptimization events (20 events):
Event: 7.226 Thread 0x00000208668a4650 Uncommon trap: trap_request=0xffffff45 fr.pc=0x000002081a32b38c relative=0x000000000000006c
Event: 7.226 Thread 0x00000208668a4650 Uncommon trap: reason=unstable_if action=reinterpret pc=0x000002081a32b38c method=java.lang.AbstractStringBuilder.isLatin1()Z @ 10 c2
Event: 7.226 Thread 0x00000208668a4650 DEOPT PACKING pc=0x000002081a32b38c sp=0x000000d5485fe720
Event: 7.226 Thread 0x00000208668a4650 DEOPT UNPACKING pc=0x0000020819d26da2 sp=0x000000d5485fe6b0 mode 2
Event: 7.231 Thread 0x00000208668a4650 Uncommon trap: trap_request=0xffffffc6 fr.pc=0x000002081a307dd8 relative=0x0000000000000978
Event: 7.231 Thread 0x00000208668a4650 Uncommon trap: reason=bimorphic_or_optimized_type_check action=maybe_recompile pc=0x000002081a307dd8 method=java.util.HashMap.putVal(ILjava/lang/Object;Ljava/lang/Object;ZZ)Ljava/lang/Object; @ 56 c2
Event: 7.231 Thread 0x00000208668a4650 DEOPT PACKING pc=0x000002081a307dd8 sp=0x000000d5485fddf0
Event: 7.231 Thread 0x00000208668a4650 DEOPT UNPACKING pc=0x0000020819d26da2 sp=0x000000d5485fdcf0 mode 2
Event: 7.231 Thread 0x00000208668a4650 Uncommon trap: trap_request=0xffffffc6 fr.pc=0x000002081a307dd8 relative=0x0000000000000978
Event: 7.231 Thread 0x00000208668a4650 Uncommon trap: reason=bimorphic_or_optimized_type_check action=maybe_recompile pc=0x000002081a307dd8 method=java.util.HashMap.putVal(ILjava/lang/Object;Ljava/lang/Object;ZZ)Ljava/lang/Object; @ 56 c2
Event: 7.231 Thread 0x00000208668a4650 DEOPT PACKING pc=0x000002081a307dd8 sp=0x000000d5485fddf0
Event: 7.231 Thread 0x00000208668a4650 DEOPT UNPACKING pc=0x0000020819d26da2 sp=0x000000d5485fdcf0 mode 2
Event: 7.231 Thread 0x00000208668a4650 Uncommon trap: trap_request=0xffffffc6 fr.pc=0x000002081a307dd8 relative=0x0000000000000978
Event: 7.231 Thread 0x00000208668a4650 Uncommon trap: reason=bimorphic_or_optimized_type_check action=maybe_recompile pc=0x000002081a307dd8 method=java.util.HashMap.putVal(ILjava/lang/Object;Ljava/lang/Object;ZZ)Ljava/lang/Object; @ 56 c2
Event: 7.231 Thread 0x00000208668a4650 DEOPT PACKING pc=0x000002081a307dd8 sp=0x000000d5485fddf0
Event: 7.232 Thread 0x00000208668a4650 DEOPT UNPACKING pc=0x0000020819d26da2 sp=0x000000d5485fdcf0 mode 2
Event: 7.232 Thread 0x00000208668a4650 Uncommon trap: trap_request=0xffffffc6 fr.pc=0x000002081a280998 relative=0x00000000000008d8
Event: 7.232 Thread 0x00000208668a4650 Uncommon trap: reason=bimorphic_or_optimized_type_check action=maybe_recompile pc=0x000002081a280998 method=java.util.HashMap.putVal(ILjava/lang/Object;Ljava/lang/Object;ZZ)Ljava/lang/Object; @ 56 c2
Event: 7.232 Thread 0x00000208668a4650 DEOPT PACKING pc=0x000002081a280998 sp=0x000000d5485fdd60
Event: 7.232 Thread 0x00000208668a4650 DEOPT UNPACKING pc=0x0000020819d26da2 sp=0x000000d5485fdcf8 mode 2

Classes loaded (20 events):
Event: 7.232 Loading class java/lang/ProcessEnvironment$CheckedEntrySet
Event: 7.233 Loading class java/lang/ProcessEnvironment$CheckedEntrySet done
Event: 7.233 Loading class java/lang/ProcessEnvironment$CheckedEntrySet$1
Event: 7.233 Loading class java/lang/ProcessEnvironment$CheckedEntrySet$1 done
Event: 7.233 Loading class java/lang/ProcessEnvironment$CheckedEntry
Event: 7.233 Loading class java/lang/ProcessEnvironment$CheckedEntry done
Event: 7.240 Loading class sun/nio/fs/WindowsException
Event: 7.241 Loading class sun/nio/fs/WindowsException done
Event: 7.241 Loading class sun/nio/cs/ISO_8859_1$Encoder
Event: 7.242 Loading class sun/nio/cs/ISO_8859_1$Encoder done
Event: 7.242 Loading class sun/nio/cs/Surrogate$Parser
Event: 7.242 Loading class sun/nio/cs/Surrogate$Parser done
Event: 7.243 Loading class sun/nio/cs/Surrogate
Event: 7.243 Loading class sun/nio/cs/Surrogate done
Event: 7.243 Loading class sun/util/locale/provider/TimeZoneNameUtility
Event: 7.244 Loading class sun/util/locale/provider/TimeZoneNameUtility done
Event: 7.244 Loading class sun/util/locale/provider/TimeZoneNameUtility$TimeZoneNameGetter
Event: 7.244 Loading class sun/util/locale/provider/TimeZoneNameUtility$TimeZoneNameGetter done
Event: 7.244 Loading class sun/util/cldr/CLDRTimeZoneNameProviderImpl
Event: 7.245 Loading class sun/util/locale/provider/TimeZoneNameProviderImpl

Classes unloaded (7 events):
Event: 6.933 Thread 0x0000020823942680 Unloading class 0x0000020825182c00 'java/lang/invoke/LambdaForm$MH+0x0000020825182c00'
Event: 6.933 Thread 0x0000020823942680 Unloading class 0x0000020825182800 'java/lang/invoke/LambdaForm$MH+0x0000020825182800'
Event: 6.933 Thread 0x0000020823942680 Unloading class 0x0000020825182400 'java/lang/invoke/LambdaForm$MH+0x0000020825182400'
Event: 6.933 Thread 0x0000020823942680 Unloading class 0x0000020825182000 'java/lang/invoke/LambdaForm$MH+0x0000020825182000'
Event: 6.933 Thread 0x0000020823942680 Unloading class 0x0000020825181c00 'java/lang/invoke/LambdaForm$BMH+0x0000020825181c00'
Event: 6.933 Thread 0x0000020823942680 Unloading class 0x0000020825181800 'java/lang/invoke/LambdaForm$DMH+0x0000020825181800'
Event: 6.933 Thread 0x0000020823942680 Unloading class 0x0000020825180400 'java/lang/invoke/LambdaForm$DMH+0x0000020825180400'

Classes redefined (0 events):
No events

Internal exceptions (20 events):
Event: 6.522 Thread 0x00000208668a4650 Exception <a 'java/lang/NoSuchMethodError'{0x00000000eb7b76a0}: 'void java.lang.invoke.Invokers$Holder.invokeExact_MT(java.lang.Object, java.lang.Object, int, java.lang.Object)'> (0x00000000eb7b76a0) 
thrown [s\src\hotspot\share\interpreter\linkResolver.cpp, line 773]
Event: 6.561 Thread 0x00000208668a4650 Exception <a 'java/lang/NoSuchMethodError'{0x00000000eb8b6710}: 'java.lang.Object java.lang.invoke.DirectMethodHandle$Holder.invokeSpecial(java.lang.Object, java.lang.Object, java.lang.Object, long, java.lang.Object)'> (0x00000000eb8b6710) 
thrown [s\src\hotspot\share\interpreter\linkResolver.cpp, line 773]
Event: 6.562 Thread 0x00000208668a4650 Exception <a 'java/lang/NoSuchMethodError'{0x00000000eb8be0e8}: 'java.lang.Object java.lang.invoke.DirectMethodHandle$Holder.newInvokeSpecial(java.lang.Object, java.lang.Object, java.lang.Object, long)'> (0x00000000eb8be0e8) 
thrown [s\src\hotspot\share\interpreter\linkResolver.cpp, line 773]
Event: 6.563 Thread 0x00000208668a4650 Exception <a 'java/lang/NoSuchMethodError'{0x00000000eb8c1d68}: 'java.lang.Object java.lang.invoke.Invokers$Holder.linkToTargetMethod(java.lang.Object, java.lang.Object, long, java.lang.Object)'> (0x00000000eb8c1d68) 
thrown [s\src\hotspot\share\interpreter\linkResolver.cpp, line 773]
Event: 6.569 Thread 0x00000208668a4650 Exception <a 'java/lang/NoSuchMethodError'{0x00000000eb933318}: 'int java.lang.invoke.DirectMethodHandle$Holder.invokeStaticInit(java.lang.Object, java.lang.Object, java.lang.Object)'> (0x00000000eb933318) 
thrown [s\src\hotspot\share\interpreter\linkResolver.cpp, line 773]
Event: 6.575 Thread 0x00000208668a4650 Exception <a 'java/lang/IncompatibleClassChangeError'{0x00000000eb9b76e0}: Found class java.lang.Object, but interface was expected> (0x00000000eb9b76e0) 
thrown [s\src\hotspot\share\interpreter\linkResolver.cpp, line 840]
Event: 6.579 Thread 0x00000208668a4650 Exception <a 'java/lang/NoSuchMethodError'{0x00000000eb9ce788}: 'java.lang.Object java.lang.invoke.DirectMethodHandle$Holder.invokeSpecial(java.lang.Object, java.lang.Object, java.lang.Object, int, java.lang.Object, java.lang.Object)'> (0x00000000eb9ce788) 
thrown [s\src\hotspot\share\interpreter\linkResolver.cpp, line 773]
Event: 6.580 Thread 0x00000208668a4650 Exception <a 'java/lang/NoSuchMethodError'{0x00000000eb9d6020}: 'java.lang.Object java.lang.invoke.DirectMethodHandle$Holder.newInvokeSpecial(java.lang.Object, java.lang.Object, java.lang.Object, int, java.lang.Object)'> (0x00000000eb9d6020) 
thrown [s\src\hotspot\share\interpreter\linkResolver.cpp, line 773]
Event: 6.580 Thread 0x00000208668a4650 Exception <a 'java/lang/NoSuchMethodError'{0x00000000eb9d9b10}: 'java.lang.Object java.lang.invoke.Invokers$Holder.linkToTargetMethod(java.lang.Object, java.lang.Object, int, java.lang.Object, java.lang.Object)'> (0x00000000eb9d9b10) 
thrown [s\src\hotspot\share\interpreter\linkResolver.cpp, line 773]
Event: 6.581 Thread 0x000002086b12c630 Exception <a 'java/lang/NoSuchMethodError'{0x00000000eb8f73d8}: 'java.lang.Object java.lang.invoke.DirectMethodHandle$Holder.invokeSpecial(java.lang.Object, java.lang.Object, int, java.lang.Object, java.lang.Object)'> (0x00000000eb8f73d8) 
thrown [s\src\hotspot\share\interpreter\linkResolver.cpp, line 773]
Event: 6.581 Thread 0x000002086b12c630 Exception <a 'java/lang/NoSuchMethodError'{0x00000000eb8fe110}: 'java.lang.Object java.lang.invoke.DirectMethodHandle$Holder.newInvokeSpecial(java.lang.Object, java.lang.Object, int, java.lang.Object)'> (0x00000000eb8fe110) 
thrown [s\src\hotspot\share\interpreter\linkResolver.cpp, line 773]
Event: 6.595 Thread 0x00000208668a4650 Exception <a 'java/lang/NoSuchMethodError'{0x00000000ebade2e0}: 'void java.lang.invoke.DirectMethodHandle$Holder.invokeSpecial(java.lang.Object, java.lang.Object, java.lang.Object, java.lang.Object, java.lang.Object)'> (0x00000000ebade2e0) 
thrown [s\src\hotspot\share\interpreter\linkResolver.cpp, line 773]
Event: 6.633 Thread 0x00000208668a4650 Exception <a 'java/lang/NoSuchMethodError'{0x00000000ebdd5008}: 'double java.lang.invoke.DirectMethodHandle$Holder.invokeStatic(java.lang.Object, java.lang.Object)'> (0x00000000ebdd5008) 
thrown [s\src\hotspot\share\interpreter\linkResolver.cpp, line 773]
Event: 6.633 Thread 0x00000208668a4650 Exception <a 'java/lang/NoSuchMethodError'{0x00000000ebdd86c8}: 'double java.lang.invoke.DirectMethodHandle$Holder.invokeStaticInit(java.lang.Object, java.lang.Object)'> (0x00000000ebdd86c8) 
thrown [s\src\hotspot\share\interpreter\linkResolver.cpp, line 773]
Event: 6.885 Thread 0x00000208668a4650 Implicit null exception at 0x000002081a383ff5 to 0x000002081a384108
Event: 7.145 Thread 0x00000208668a4650 Exception <a 'java/lang/ClassNotFoundException'{0x00000000ec0b6620}: com/sun/org/apache/xerces/internal/impl/msg/spi/DOMMessagesProvider> (0x00000000ec0b6620) 
thrown [s\src\hotspot\share\classfile\systemDictionary.cpp, line 312]
Event: 7.146 Thread 0x00000208668a4650 Exception <a 'java/lang/ClassNotFoundException'{0x00000000ec0d1798}: com/sun/org/apache/xerces/internal/impl/msg/spi/XMLSerializerMessagesProvider> (0x00000000ec0d1798) 
thrown [s\src\hotspot\share\classfile\systemDictionary.cpp, line 312]
Event: 7.147 Thread 0x00000208668a4650 Exception <a 'java/lang/ClassNotFoundException'{0x00000000ec0deab8}: com/sun/org/apache/xerces/internal/impl/msg/spi/XMLMessagesProvider> (0x00000000ec0deab8) 
thrown [s\src\hotspot\share\classfile\systemDictionary.cpp, line 312]
Event: 7.182 Thread 0x00000208668a4650 Exception <a 'java/lang/NoSuchMethodError'{0x00000000ec24b420}: 'java.lang.Object java.lang.invoke.DirectMethodHandle$Holder.newInvokeSpecial(java.lang.Object, int, java.lang.Object, java.lang.Object)'> (0x00000000ec24b420) 
thrown [s\src\hotspot\share\interpreter\linkResolver.cpp, line 773]
Event: 7.241 Thread 0x00000208668a4650 Exception <a 'sun/nio/fs/WindowsException'{0x00000000eabe2a50}> (0x00000000eabe2a50) 
thrown [s\src\hotspot\share\prims\jni.cpp, line 520]

ZGC Phase Switch (0 events):
No events

VM Operations (20 events):
Event: 6.204 Executing VM operation: HandshakeAllThreads (Deoptimize)
Event: 6.204 Executing VM operation: HandshakeAllThreads (Deoptimize) done
Event: 6.208 Executing VM operation: HandshakeAllThreads (Deoptimize)
Event: 6.208 Executing VM operation: HandshakeAllThreads (Deoptimize) done
Event: 6.217 Executing VM operation: HandshakeAllThreads (Deoptimize)
Event: 6.217 Executing VM operation: HandshakeAllThreads (Deoptimize) done
Event: 6.490 Executing VM operation: HandshakeAllThreads (Deoptimize)
Event: 6.490 Executing VM operation: HandshakeAllThreads (Deoptimize) done
Event: 6.691 Executing VM operation: ParallelGCFailedAllocation (Allocation Failure)
Event: 6.696 Executing VM operation: ParallelGCFailedAllocation (Allocation Failure) done
Event: 6.903 Executing VM operation: ParallelGCFailedAllocation (Allocation Failure)
Event: 6.906 Executing VM operation: ParallelGCFailedAllocation (Allocation Failure) done
Event: 6.925 Executing VM operation: CollectForMetadataAllocation (Metadata GC Threshold)
Event: 6.952 Executing VM operation: CollectForMetadataAllocation (Metadata GC Threshold) done
Event: 7.099 Executing VM operation: HandshakeAllThreads (Deoptimize)
Event: 7.099 Executing VM operation: HandshakeAllThreads (Deoptimize) done
Event: 7.214 Executing VM operation: ParallelGCFailedAllocation (Allocation Failure)
Event: 7.216 Executing VM operation: ParallelGCFailedAllocation (Allocation Failure) done
Event: 7.231 Executing VM operation: HandshakeAllThreads (Deoptimize)
Event: 7.231 Executing VM operation: HandshakeAllThreads (Deoptimize) done

Memory protections (0 events):
No events

Nmethod flushes (0 events):
No events

Events (20 events):
Event: 0.235 Thread 0x0000020823997f70 Thread added: 0x0000020866589cf0
Event: 0.332 Thread 0x000002080f5b0d20 Thread added: 0x0000020866518850
Event: 0.509 Thread 0x0000020823997f70 Thread added: 0x00000208666a9080
Event: 1.311 Thread 0x000002080f5b0d20 Thread added: 0x0000020866bb9010
Event: 1.644 Thread 0x00000208666a9080 Thread exited: 0x00000208666a9080
Event: 1.766 Thread 0x0000020866589cf0 Thread exited: 0x0000020866589cf0
Event: 5.664 Thread 0x000002080f5b0d20 Thread added: 0x0000020866a59640
Event: 5.668 Thread 0x000002080f5b0d20 Thread added: 0x00000208668a4650
Event: 5.696 Thread 0x00000208668a4650 Thread added: 0x00000208664161b0
Event: 5.807 Thread 0x00000208668a4650 Thread added: 0x0000020866531670
Event: 5.895 Thread 0x0000020823997f70 Thread added: 0x0000020866411180
Event: 5.895 Thread 0x0000020823997f70 Thread added: 0x0000020866411820
Event: 6.079 Thread 0x00000208668a4650 Thread added: 0x00000208666642c0
Event: 6.492 Thread 0x0000020866411820 Thread exited: 0x0000020866411820
Event: 6.494 Thread 0x0000020866411180 Thread exited: 0x0000020866411180
Event: 6.510 Thread 0x00000208668a4650 Thread added: 0x00000208669bbbb0
Event: 6.565 Thread 0x00000208668a4650 Thread added: 0x000002086b12c630
Event: 6.582 Thread 0x00000208668a4650 Thread added: 0x000002086b1781a0
Event: 6.650 Thread 0x0000020823997f70 Thread added: 0x000002086b16d560
Event: 7.171 Thread 0x00000208668a4650 Thread added: 0x000002086b179550


Dynamic libraries:
0x00007ff706830000 - 0x00007ff70683e000 	c:\Users\gomes\.vscode\extensions\redhat.java-1.41.1-win32-x64\jre\21.0.6-win32-x86_64\bin\java.exe
0x00007ffb46ab0000 - 0x00007ffb46cc7000 	C:\WINDOWS\SYSTEM32\ntdll.dll
0x00007ffb46360000 - 0x00007ffb46424000 	C:\WINDOWS\System32\KERNEL32.DLL
0x00007ffb43e50000 - 0x00007ffb44223000 	C:\WINDOWS\System32\KERNELBASE.dll
0x00007ffb29c30000 - 0x00007ffb29c48000 	c:\Users\gomes\.vscode\extensions\redhat.java-1.41.1-win32-x64\jre\21.0.6-win32-x86_64\bin\jli.dll
0x00007ffb29280000 - 0x00007ffb2929e000 	c:\Users\gomes\.vscode\extensions\redhat.java-1.41.1-win32-x64\jre\21.0.6-win32-x86_64\bin\VCRUNTIME140.dll
0x00007ffb44630000 - 0x00007ffb44741000 	C:\WINDOWS\System32\ucrtbase.dll
0x00007ffb464b0000 - 0x00007ffb46661000 	C:\WINDOWS\System32\USER32.dll
0x00007ffb43e20000 - 0x00007ffb43e46000 	C:\WINDOWS\System32\win32u.dll
0x00007ffb2cf60000 - 0x00007ffb2d1f8000 	C:\WINDOWS\WinSxS\amd64_microsoft.windows.common-controls_6595b64144ccf1df_6.0.22621.5124_none_270e8f4f7386d69d\COMCTL32.dll
0x00007ffb44c20000 - 0x00007ffb44c49000 	C:\WINDOWS\System32\GDI32.dll
0x00007ffb46730000 - 0x00007ffb467d7000 	C:\WINDOWS\System32\msvcrt.dll
0x00007ffb44230000 - 0x00007ffb4434b000 	C:\WINDOWS\System32\gdi32full.dll
0x00007ffb43d80000 - 0x00007ffb43e1a000 	C:\WINDOWS\System32\msvcp_win.dll
0x00007ffb46a30000 - 0x00007ffb46a61000 	C:\WINDOWS\System32\IMM32.DLL
0x00007ffb3e800000 - 0x00007ffb3e80c000 	c:\Users\gomes\.vscode\extensions\redhat.java-1.41.1-win32-x64\jre\21.0.6-win32-x86_64\bin\vcruntime140_1.dll
0x00007ffaeee80000 - 0x00007ffaeef0d000 	c:\Users\gomes\.vscode\extensions\redhat.java-1.41.1-win32-x64\jre\21.0.6-win32-x86_64\bin\msvcp140.dll
0x00007ffaa8d60000 - 0x00007ffaa9af0000 	c:\Users\gomes\.vscode\extensions\redhat.java-1.41.1-win32-x64\jre\21.0.6-win32-x86_64\bin\server\jvm.dll
0x00007ffb46670000 - 0x00007ffb46721000 	C:\WINDOWS\System32\ADVAPI32.dll
0x00007ffb45800000 - 0x00007ffb458a8000 	C:\WINDOWS\System32\sechost.dll
0x00007ffb443d0000 - 0x00007ffb443f8000 	C:\WINDOWS\System32\bcrypt.dll
0x00007ffb467e0000 - 0x00007ffb468f4000 	C:\WINDOWS\System32\RPCRT4.dll
0x00007ffb46430000 - 0x00007ffb464a1000 	C:\WINDOWS\System32\WS2_32.dll
0x00007ffb42a60000 - 0x00007ffb42aad000 	C:\WINDOWS\SYSTEM32\POWRPROF.dll
0x00007ffb3f110000 - 0x00007ffb3f11a000 	C:\WINDOWS\SYSTEM32\VERSION.dll
0x00007ffb41710000 - 0x00007ffb41744000 	C:\WINDOWS\SYSTEM32\WINMM.dll
0x00007ffb42a20000 - 0x00007ffb42a33000 	C:\WINDOWS\SYSTEM32\UMPDC.dll
0x00007ffb42ce0000 - 0x00007ffb42cf8000 	C:\WINDOWS\SYSTEM32\kernel.appcore.dll
0x00007ffb39880000 - 0x00007ffb3988a000 	c:\Users\gomes\.vscode\extensions\redhat.java-1.41.1-win32-x64\jre\21.0.6-win32-x86_64\bin\jimage.dll
0x00007ffb41420000 - 0x00007ffb41652000 	C:\WINDOWS\SYSTEM32\DBGHELP.DLL
0x00007ffb44750000 - 0x00007ffb44ae2000 	C:\WINDOWS\System32\combase.dll
0x00007ffb44f90000 - 0x00007ffb45067000 	C:\WINDOWS\System32\OLEAUT32.dll
0x00007ffb416d0000 - 0x00007ffb41702000 	C:\WINDOWS\SYSTEM32\dbgcore.DLL
0x00007ffb44350000 - 0x00007ffb443cb000 	C:\WINDOWS\System32\bcryptPrimitives.dll
0x00007ffb37020000 - 0x00007ffb3702f000 	c:\Users\gomes\.vscode\extensions\redhat.java-1.41.1-win32-x64\jre\21.0.6-win32-x86_64\bin\instrument.dll
0x00007ffb26690000 - 0x00007ffb266af000 	c:\Users\gomes\.vscode\extensions\redhat.java-1.41.1-win32-x64\jre\21.0.6-win32-x86_64\bin\java.dll
0x00007ffb45ac0000 - 0x00007ffb46356000 	C:\WINDOWS\System32\SHELL32.dll
0x00007ffb43c40000 - 0x00007ffb43d7f000 	C:\WINDOWS\System32\wintypes.dll
0x00007ffb41ae0000 - 0x00007ffb423fa000 	C:\WINDOWS\SYSTEM32\windows.storage.dll
0x00007ffb45070000 - 0x00007ffb4517a000 	C:\WINDOWS\System32\SHCORE.dll
0x00007ffb45190000 - 0x00007ffb451f3000 	C:\WINDOWS\System32\shlwapi.dll
0x00007ffb43af0000 - 0x00007ffb43b1b000 	C:\WINDOWS\SYSTEM32\profapi.dll
0x00007ffb21a70000 - 0x00007ffb21a88000 	c:\Users\gomes\.vscode\extensions\redhat.java-1.41.1-win32-x64\jre\21.0.6-win32-x86_64\bin\zip.dll
0x00007ffb36bb0000 - 0x00007ffb36bc0000 	C:\Users\gomes\.vscode\extensions\redhat.java-1.41.1-win32-x64\jre\21.0.6-win32-x86_64\bin\net.dll
0x00007ffb3ff00000 - 0x00007ffb4002c000 	C:\WINDOWS\SYSTEM32\WINHTTP.dll
0x00007ffb43160000 - 0x00007ffb431ca000 	C:\WINDOWS\system32\mswsock.dll
0x00007ffb13ce0000 - 0x00007ffb13cf6000 	C:\Users\gomes\.vscode\extensions\redhat.java-1.41.1-win32-x64\jre\21.0.6-win32-x86_64\bin\nio.dll
0x00007ffb2c690000 - 0x00007ffb2c6a0000 	c:\Users\gomes\.vscode\extensions\redhat.java-1.41.1-win32-x64\jre\21.0.6-win32-x86_64\bin\verify.dll
0x00007ffb05d10000 - 0x00007ffb05d55000 	C:\Users\gomes\AppData\Roaming\Code\User\globalStorage\redhat.java\1.41.1\config_ss_win\org.eclipse.equinox.launcher\org.eclipse.equinox.launcher.win32.win32.x86_64_1.2.1300.v20250331-1702\eclipse_11911.dll
0x00007ffb458c0000 - 0x00007ffb45a61000 	C:\WINDOWS\System32\ole32.dll
0x00007ffb433b0000 - 0x00007ffb433cb000 	C:\WINDOWS\SYSTEM32\CRYPTSP.dll
0x00007ffb42c40000 - 0x00007ffb42c77000 	C:\WINDOWS\system32\rsaenh.dll
0x00007ffb43250000 - 0x00007ffb43278000 	C:\WINDOWS\SYSTEM32\USERENV.dll
0x00007ffb433d0000 - 0x00007ffb433dc000 	C:\WINDOWS\SYSTEM32\CRYPTBASE.dll
0x00007ffb426e0000 - 0x00007ffb4270d000 	C:\WINDOWS\SYSTEM32\IPHLPAPI.DLL
0x00007ffb458b0000 - 0x00007ffb458b9000 	C:\WINDOWS\System32\NSI.dll
0x00007ffafed20000 - 0x00007ffafed69000 	C:\Users\gomes\AppData\Local\Temp\jna-98537459\jna4069783136385841893.dll
0x00007ffb469c0000 - 0x00007ffb469c8000 	C:\WINDOWS\System32\PSAPI.DLL

dbghelp: loaded successfully - version: 4.0.5 - missing functions: none
symbol engine: initialized successfully - sym options: 0x614 - pdb path: .;c:\Users\gomes\.vscode\extensions\redhat.java-1.41.1-win32-x64\jre\21.0.6-win32-x86_64\bin;C:\WINDOWS\SYSTEM32;C:\WINDOWS\WinSxS\amd64_microsoft.windows.common-controls_6595b64144ccf1df_6.0.22621.5124_none_270e8f4f7386d69d;c:\Users\gomes\.vscode\extensions\redhat.java-1.41.1-win32-x64\jre\21.0.6-win32-x86_64\bin\server;C:\Users\gomes\AppData\Roaming\Code\User\globalStorage\redhat.java\1.41.1\config_ss_win\org.eclipse.equinox.launcher\org.eclipse.equinox.launcher.win32.win32.x86_64_1.2.1300.v20250331-1702;C:\Users\gomes\AppData\Local\Temp\jna-98537459

VM Arguments:
jvm_args: --add-modules=ALL-SYSTEM --add-opens=java.base/java.util=ALL-UNNAMED --add-opens=java.base/java.lang=ALL-UNNAMED --add-opens=java.base/sun.nio.fs=ALL-UNNAMED -Declipse.application=org.eclipse.jdt.ls.core.id1 -Dosgi.bundles.defaultStartLevel=4 -Declipse.product=org.eclipse.jdt.ls.core.product -Djava.import.generatesMetadataFilesAtProjectRoot=false -DDetectVMInstallationsJob.disabled=true -Dfile.encoding=utf8 -XX:+UseParallelGC -XX:GCTimeRatio=4 -XX:AdaptiveSizePolicyWeight=90 -Dsun.zip.disableMemoryMapping=true -Xmx1G -Xms100m -Xlog:disable -javaagent:c:\Users\gomes\.vscode\extensions\redhat.java-1.41.1-win32-x64\lombok\lombok-1.18.36.jar 
java_command: c:\Users\gomes\.vscode\extensions\redhat.java-1.41.1-win32-x64\server\plugins\org.eclipse.equinox.launcher_1.7.0.v20250331-1702.jar -configuration c:\Users\gomes\AppData\Roaming\Code\User\globalStorage\redhat.java\1.41.1\config_ss_win -data c:\Users\gomes\AppData\Roaming\Code\User\workspaceStorage\2f152fc2f13cf7b26abc49ce27bebe52\redhat.java\ss_ws --pipe=\\.\pipe\lsp-ea8ad67a41dd692b1f6d2057122616a4-sock
java_class_path (initial): c:\Users\gomes\.vscode\extensions\redhat.java-1.41.1-win32-x64\server\plugins\org.eclipse.equinox.launcher_1.7.0.v20250331-1702.jar
Launcher Type: SUN_STANDARD

[Global flags]
    uintx AdaptiveSizePolicyWeight                 = 90                                        {product} {command line}
     intx CICompilerCount                          = 4                                         {product} {ergonomic}
    uintx GCTimeRatio                              = 4                                         {product} {command line}
   size_t InitialHeapSize                          = 104857600                                 {product} {command line}
   size_t MaxHeapSize                              = 1073741824                                {product} {command line}
   size_t MaxNewSize                               = 357564416                                 {product} {ergonomic}
   size_t MinHeapDeltaBytes                        = 524288                                    {product} {ergonomic}
   size_t MinHeapSize                              = 104857600                                 {product} {command line}
   size_t NewSize                                  = 34603008                                  {product} {ergonomic}
    uintx NonNMethodCodeHeapSize                   = 5839372                                {pd product} {ergonomic}
    uintx NonProfiledCodeHeapSize                  = 122909434                              {pd product} {ergonomic}
   size_t OldSize                                  = 70254592                                  {product} {ergonomic}
    uintx ProfiledCodeHeapSize                     = 122909434                              {pd product} {ergonomic}
    uintx ReservedCodeCacheSize                    = 251658240                              {pd product} {ergonomic}
     bool SegmentedCodeCache                       = true                                      {product} {ergonomic}
   size_t SoftMaxHeapSize                          = 1073741824                             {manageable} {ergonomic}
     bool UseCompressedOops                        = true                           {product lp64_product} {ergonomic}
     bool UseLargePagesIndividualAllocation        = false                                  {pd product} {ergonomic}
     bool UseParallelGC                            = true                                      {product} {command line}

Logging:
Log output configuration:
 #0: stdout all=off uptime,level,tags foldmultilines=false
 #1: stderr all=off uptime,level,tags foldmultilines=false

Environment Variables:
PATH=C:\Program Files\Common Files\Oracle\Java\javapath;C:\Windows\system32;C:\Windows;C:\Windows\System32\Wbem;C:\Windows\System32\WindowsPowerShell\v1.0\;C:\Windows\System32\OpenSSH\;C:\Program Files\NVIDIA Corporation\NVIDIA NvDLISR;C:\Program Files\dotnet\;C:\Program Files (x86)\dotnet\;C:\WINDOWS\system32;C:\WINDOWS;C:\WINDOWS\System32\Wbem;C:\WINDOWS\System32\WindowsPowerShell\v1.0\;C:\WINDOWS\System32\OpenSSH\;C:\Program Files\Microsoft SQL Server\150\Tools\Binn\;C:\Users\gomes\Downloads\src\flutter\bin;C:\Users\gomes\Downloads\src\flutter\bin;E:\nodeJS\;C:\Program Files\Git\cmd;D:\mathlab\runtime\win64;D:\mathlab\bin;D:\mathlab\polyspace\bin;C:\Users\gomes\AppData\Local\Microsoft\WindowsApps;C:\Users\gomes\AppData\Local\Programs\Microsoft VS Code\bin;C:\MinGW\bin\;C:\Users\gomes\AppData\Roaming\npm;C:\Users\gomes\AppData\Local\GitHubDesktop\bin
USERNAME=gomes
OS=Windows_NT
PROCESSOR_IDENTIFIER=Intel64 Family 6 Model 140 Stepping 1, GenuineIntel
TMP=C:\Users\gomes\AppData\Local\Temp
TEMP=C:\Users\gomes\AppData\Local\Temp




Periodic native trim disabled

---------------  S Y S T E M  ---------------

OS:
 Windows 11 , 64 bit Build 22621 (10.0.22621.5124)
OS uptime: 13 days 3:09 hours

CPU: total 8 (initial active 8) (4 cores per cpu, 2 threads per core) family 6 model 140 stepping 1 microcode 0xba, cx8, cmov, fxsr, ht, mmx, 3dnowpref, sse, sse2, sse3, ssse3, sse4.1, sse4.2, popcnt, lzcnt, tsc, tscinvbit, avx, avx2, aes, erms, clmul, bmi1, bmi2, adx, avx512f, avx512dq, avx512cd, avx512bw, avx512vl, sha, fma, vzeroupper, avx512_vpopcntdq, avx512_vpclmulqdq, avx512_vaes, avx512_vnni, clflush, clflushopt, clwb, avx512_vbmi2, avx512_vbmi, rdtscp, rdpid, fsrm, gfni, avx512_bitalg, f16c, pku, cet_ibt, cet_ss, avx512_ifma
Processor Information for the first 8 processors :
  Max Mhz: 2419, Current Mhz: 2419, Mhz Limit: 2419

Memory: 4k page, system-wide physical 12022M (553M free)
TotalPageFile size 22094M (AvailPageFile size 3M)
current process WorkingSet (physical memory assigned to process): 151M, peak: 151M
current process commit charge ("private bytes"): 253M, peak: 255M

vm_info: OpenJDK 64-Bit Server VM (21.0.6+7-LTS) for windows-amd64 JRE (21.0.6+7-LTS), built on 2025-01-21T00:00:00Z by "admin" with MS VC++ 17.7 (VS2022)

END.
